{"/home/pxtkhw/projetos/MestreMiudo/src/ai/genkit.ts": {"path":"/home/pxtkhw/projetos/MestreMiudo/src/ai/genkit.ts","statementMap":{"0":{"start":{"line":4,"column":18},"end":{"line":7,"column":null}}},"fnMap":{},"branchMap":{},"s":{"0":1},"f":{},"b":{},"meta":{"lastBranch":0,"lastFunction":0,"lastStatement":1,"seen":{"s:4:18:7:Infinity":0},"fnNames":{}}}
,"/home/pxtkhw/projetos/MestreMiudo/src/ai/schemas.ts": {"path":"/home/pxtkhw/projetos/MestreMiudo/src/ai/schemas.ts","statementMap":{"0":{"start":{"line":14,"column":42},"end":{"line":18,"column":null}},"1":{"start":{"line":21,"column":43},"end":{"line":25,"column":null}}},"fnMap":{},"branchMap":{},"s":{"0":1,"1":1},"f":{},"b":{},"meta":{"lastBranch":0,"lastFunction":0,"lastStatement":2,"seen":{"s:14:42:18:Infinity":0,"s:21:43:25:Infinity":1},"fnNames":{}}}
,"/home/pxtkhw/projetos/MestreMiudo/src/ai/flows/lesson-challenge-generator.ts": {"path":"/home/pxtkhw/projetos/MestreMiudo/src/ai/flows/lesson-challenge-generator.ts","statementMap":{"0":{"start":{"line":1,"column":0},"end":{"line":1,"column":null}},"1":{"start":{"line":8,"column":15},"end":{"line":47,"column":null}},"2":{"start":{"line":49,"column":44},"end":{"line":87,"column":null}},"3":{"start":{"line":56,"column":18},"end":{"line":56,"column":null}},"4":{"start":{"line":57,"column":34},"end":{"line":57,"column":null}},"5":{"start":{"line":59,"column":4},"end":{"line":83,"column":null}},"6":{"start":{"line":60,"column":6},"end":{"line":82,"column":null}},"7":{"start":{"line":61,"column":27},"end":{"line":61,"column":null}},"8":{"start":{"line":63,"column":8},"end":{"line":65,"column":null}},"9":{"start":{"line":64,"column":10},"end":{"line":64,"column":null}},"10":{"start":{"line":68,"column":36},"end":{"line":71,"column":null}},"11":{"start":{"line":68,"column":129},"end":{"line":71,"column":10}},"12":{"start":{"line":73,"column":8},"end":{"line":73,"column":null}},"13":{"start":{"line":75,"column":8},"end":{"line":75,"column":null}},"14":{"start":{"line":76,"column":8},"end":{"line":76,"column":null}},"15":{"start":{"line":77,"column":8},"end":{"line":77,"column":null}},"16":{"start":{"line":79,"column":8},"end":{"line":81,"column":null}},"17":{"start":{"line":80,"column":10},"end":{"line":80,"column":null}},"18":{"start":{"line":85,"column":4},"end":{"line":85,"column":null}},"19":{"start":{"line":90,"column":2},"end":{"line":90,"column":null}}},"fnMap":{"0":{"name":"(anonymous_0)","decl":{"start":{"line":55,"column":2},"end":{"line":55,"column":9}},"loc":{"start":{"line":55,"column":19},"end":{"line":86,"column":null}},"line":55},"1":{"name":"(anonymous_1)","decl":{"start":{"line":68,"column":54},"end":{"line":68,"column":59}},"loc":{"start":{"line":68,"column":129},"end":{"line":71,"column":10}},"line":68},"2":{"name":"generateLessonChallenges","decl":{"start":{"line":89,"column":22},"end":{"line":89,"column":47}},"loc":{"start":{"line":89,"column":114},"end":{"line":91,"column":null}},"line":89}},"branchMap":{"0":{"loc":{"start":{"line":63,"column":8},"end":{"line":65,"column":null}},"type":"if","locations":[{"start":{"line":63,"column":8},"end":{"line":65,"column":null}},{"start":{},"end":{}}],"line":63},"1":{"loc":{"start":{"line":63,"column":12},"end":{"line":63,"column":77}},"type":"binary-expr","locations":[{"start":{"line":63,"column":12},"end":{"line":63,"column":23}},{"start":{"line":63,"column":23},"end":{"line":63,"column":45}},{"start":{"line":63,"column":45},"end":{"line":63,"column":77}}],"line":63},"2":{"loc":{"start":{"line":76,"column":20},"end":{"line":76,"column":null}},"type":"cond-expr","locations":[{"start":{"line":76,"column":45},"end":{"line":76,"column":53}},{"start":{"line":76,"column":53},"end":{"line":76,"column":null}}],"line":76},"3":{"loc":{"start":{"line":79,"column":8},"end":{"line":81,"column":null}},"type":"if","locations":[{"start":{"line":79,"column":8},"end":{"line":81,"column":null}},{"start":{},"end":{}}],"line":79},"4":{"loc":{"start":{"line":85,"column":10},"end":{"line":85,"column":null}},"type":"binary-expr","locations":[{"start":{"line":85,"column":10},"end":{"line":85,"column":23}},{"start":{"line":85,"column":23},"end":{"line":85,"column":null}}],"line":85}},"s":{"0":1,"1":1,"2":1,"3":0,"4":0,"5":0,"6":0,"7":0,"8":0,"9":0,"10":0,"11":0,"12":0,"13":0,"14":0,"15":0,"16":0,"17":0,"18":0,"19":0},"f":{"0":0,"1":0,"2":0},"b":{"0":[0,0],"1":[0,0,0],"2":[0,0],"3":[0,0],"4":[0,0]},"meta":{"lastBranch":5,"lastFunction":3,"lastStatement":20,"seen":{"s:1:0:1:Infinity":0,"s:8:15:47:Infinity":1,"s:49:44:87:Infinity":2,"f:55:2:55:9":0,"s:56:18:56:Infinity":3,"s:57:34:57:Infinity":4,"s:59:4:83:Infinity":5,"s:60:6:82:Infinity":6,"s:61:27:61:Infinity":7,"b:63:8:65:Infinity:undefined:undefined:undefined:undefined":0,"s:63:8:65:Infinity":8,"b:63:12:63:23:63:23:63:45:63:45:63:77":1,"s:64:10:64:Infinity":9,"s:68:36:71:Infinity":10,"f:68:54:68:59":1,"s:68:129:71:10":11,"s:73:8:73:Infinity":12,"s:75:8:75:Infinity":13,"s:76:8:76:Infinity":14,"b:76:45:76:53:76:53:76:Infinity":2,"s:77:8:77:Infinity":15,"b:79:8:81:Infinity:undefined:undefined:undefined:undefined":3,"s:79:8:81:Infinity":16,"s:80:10:80:Infinity":17,"s:85:4:85:Infinity":18,"b:85:10:85:23:85:23:85:Infinity":4,"f:89:22:89:47":2,"s:90:2:90:Infinity":19},"fnNames":{}}}
,"/home/pxtkhw/projetos/MestreMiudo/src/ai/flows/story-generator.ts": {"path":"/home/pxtkhw/projetos/MestreMiudo/src/ai/flows/story-generator.ts","statementMap":{"0":{"start":{"line":10,"column":2},"end":{"line":10,"column":null}},"1":{"start":{"line":14,"column":15},"end":{"line":40,"column":null}},"2":{"start":{"line":42,"column":27},"end":{"line":92,"column":null}},"3":{"start":{"line":49,"column":18},"end":{"line":49,"column":null}},"4":{"start":{"line":50,"column":34},"end":{"line":50,"column":null}},"5":{"start":{"line":52,"column":4},"end":{"line":88,"column":null}},"6":{"start":{"line":53,"column":6},"end":{"line":87,"column":null}},"7":{"start":{"line":54,"column":8},"end":{"line":54,"column":null}},"8":{"start":{"line":55,"column":27},"end":{"line":55,"column":null}},"9":{"start":{"line":57,"column":6},"end":{"line":63,"column":null}},"10":{"start":{"line":58,"column":8},"end":{"line":60,"column":null}},"11":{"start":{"line":59,"column":10},"end":{"line":59,"column":null}},"12":{"start":{"line":61,"column":8},"end":{"line":61,"column":null}},"13":{"start":{"line":62,"column":8},"end":{"line":62,"column":null}},"14":{"start":{"line":65,"column":10},"end":{"line":65,"column":null}},"15":{"start":{"line":66,"column":10},"end":{"line":66,"column":null}},"16":{"start":{"line":67,"column":10},"end":{"line":67,"column":null}},"17":{"start":{"line":68,"column":10},"end":{"line":70,"column":null}},"18":{"start":{"line":69,"column":12},"end":{"line":69,"column":null}},"19":{"start":{"line":69,"column":41},"end":{"line":69,"column":66}},"20":{"start":{"line":73,"column":22},"end":{"line":73,"column":null}},"21":{"start":{"line":74,"column":8},"end":{"line":74,"column":null}},"22":{"start":{"line":75,"column":8},"end":{"line":75,"column":null}},"23":{"start":{"line":76,"column":8},"end":{"line":86,"column":null}},"24":{"start":{"line":77,"column":10},"end":{"line":77,"column":null}},"25":{"start":{"line":78,"column":10},"end":{"line":81,"column":null}},"26":{"start":{"line":79,"column":12},"end":{"line":79,"column":null}},"27":{"start":{"line":80,"column":12},"end":{"line":80,"column":null}},"28":{"start":{"line":80,"column":41},"end":{"line":80,"column":66}},"29":{"start":{"line":84,"column":10},"end":{"line":84,"column":null}},"30":{"start":{"line":85,"column":10},"end":{"line":85,"column":null}},"31":{"start":{"line":89,"column":4},"end":{"line":89,"column":null}},"32":{"start":{"line":90,"column":4},"end":{"line":90,"column":null}}},"fnMap":{"0":{"name":"generateStory","decl":{"start":{"line":9,"column":22},"end":{"line":9,"column":36}},"loc":{"start":{"line":9,"column":97},"end":{"line":11,"column":null}},"line":9},"1":{"name":"(anonymous_1)","decl":{"start":{"line":48,"column":2},"end":{"line":48,"column":9}},"loc":{"start":{"line":48,"column":19},"end":{"line":91,"column":null}},"line":48},"2":{"name":"(anonymous_2)","decl":{"start":{"line":69,"column":22},"end":{"line":69,"column":30}},"loc":{"start":{"line":69,"column":41},"end":{"line":69,"column":66}},"line":69},"3":{"name":"(anonymous_3)","decl":{"start":{"line":80,"column":22},"end":{"line":80,"column":30}},"loc":{"start":{"line":80,"column":41},"end":{"line":80,"column":66}},"line":80}},"branchMap":{"0":{"loc":{"start":{"line":57,"column":6},"end":{"line":63,"column":null}},"type":"if","locations":[{"start":{"line":57,"column":6},"end":{"line":63,"column":null}},{"start":{},"end":{}}],"line":57},"1":{"loc":{"start":{"line":57,"column":10},"end":{"line":57,"column":41}},"type":"binary-expr","locations":[{"start":{"line":57,"column":10},"end":{"line":57,"column":27}},{"start":{"line":57,"column":27},"end":{"line":57,"column":41}}],"line":57},"2":{"loc":{"start":{"line":58,"column":8},"end":{"line":60,"column":null}},"type":"if","locations":[{"start":{"line":58,"column":8},"end":{"line":60,"column":null}},{"start":{},"end":{}}],"line":58},"3":{"loc":{"start":{"line":58,"column":12},"end":{"line":58,"column":70}},"type":"binary-expr","locations":[{"start":{"line":58,"column":12},"end":{"line":58,"column":36}},{"start":{"line":58,"column":36},"end":{"line":58,"column":70}}],"line":58},"4":{"loc":{"start":{"line":68,"column":10},"end":{"line":70,"column":null}},"type":"if","locations":[{"start":{"line":68,"column":10},"end":{"line":70,"column":null}},{"start":{},"end":{}}],"line":68},"5":{"loc":{"start":{"line":73,"column":22},"end":{"line":73,"column":null}},"type":"cond-expr","locations":[{"start":{"line":73,"column":43},"end":{"line":73,"column":47}},{"start":{"line":73,"column":47},"end":{"line":73,"column":null}}],"line":73},"6":{"loc":{"start":{"line":76,"column":8},"end":{"line":86,"column":null}},"type":"if","locations":[{"start":{"line":76,"column":8},"end":{"line":86,"column":null}},{"start":{"line":82,"column":15},"end":{"line":86,"column":null}}],"line":76},"7":{"loc":{"start":{"line":76,"column":12},"end":{"line":76,"column":103}},"type":"binary-expr","locations":[{"start":{"line":76,"column":12},"end":{"line":76,"column":65}},{"start":{"line":76,"column":65},"end":{"line":76,"column":103}}],"line":76},"8":{"loc":{"start":{"line":78,"column":10},"end":{"line":81,"column":null}},"type":"if","locations":[{"start":{"line":78,"column":10},"end":{"line":81,"column":null}},{"start":{},"end":{}}],"line":78},"9":{"loc":{"start":{"line":90,"column":10},"end":{"line":90,"column":null}},"type":"binary-expr","locations":[{"start":{"line":90,"column":10},"end":{"line":90,"column":23}},{"start":{"line":90,"column":23},"end":{"line":90,"column":null}}],"line":90}},"s":{"0":0,"1":1,"2":1,"3":0,"4":0,"5":0,"6":0,"7":0,"8":0,"9":0,"10":0,"11":0,"12":0,"13":0,"14":0,"15":0,"16":0,"17":0,"18":0,"19":0,"20":0,"21":0,"22":0,"23":0,"24":0,"25":0,"26":0,"27":0,"28":0,"29":0,"30":0,"31":0,"32":0},"f":{"0":0,"1":0,"2":0,"3":0},"b":{"0":[0,0],"1":[0,0],"2":[0,0],"3":[0,0],"4":[0,0],"5":[0,0],"6":[0,0],"7":[0,0],"8":[0,0],"9":[0,0]},"meta":{"lastBranch":10,"lastFunction":4,"lastStatement":33,"seen":{"f:9:22:9:36":0,"s:10:2:10:Infinity":0,"s:14:15:40:Infinity":1,"s:42:27:92:Infinity":2,"f:48:2:48:9":1,"s:49:18:49:Infinity":3,"s:50:34:50:Infinity":4,"s:52:4:88:Infinity":5,"s:53:6:87:Infinity":6,"s:54:8:54:Infinity":7,"s:55:27:55:Infinity":8,"b:57:6:63:Infinity:undefined:undefined:undefined:undefined":0,"s:57:6:63:Infinity":9,"b:57:10:57:27:57:27:57:41":1,"b:58:8:60:Infinity:undefined:undefined:undefined:undefined":2,"s:58:8:60:Infinity":10,"b:58:12:58:36:58:36:58:70":3,"s:59:10:59:Infinity":11,"s:61:8:61:Infinity":12,"s:62:8:62:Infinity":13,"s:65:10:65:Infinity":14,"s:66:10:66:Infinity":15,"s:67:10:67:Infinity":16,"b:68:10:70:Infinity:undefined:undefined:undefined:undefined":4,"s:68:10:70:Infinity":17,"s:69:12:69:Infinity":18,"f:69:22:69:30":2,"s:69:41:69:66":19,"s:73:22:73:Infinity":20,"b:73:43:73:47:73:47:73:Infinity":5,"s:74:8:74:Infinity":21,"s:75:8:75:Infinity":22,"b:76:8:86:Infinity:82:15:86:Infinity":6,"s:76:8:86:Infinity":23,"b:76:12:76:65:76:65:76:103":7,"s:77:10:77:Infinity":24,"b:78:10:81:Infinity:undefined:undefined:undefined:undefined":8,"s:78:10:81:Infinity":25,"s:79:12:79:Infinity":26,"s:80:12:80:Infinity":27,"f:80:22:80:30":3,"s:80:41:80:66":28,"s:84:10:84:Infinity":29,"s:85:10:85:Infinity":30,"s:89:4:89:Infinity":31,"s:90:4:90:Infinity":32,"b:90:10:90:23:90:23:90:Infinity":9},"fnNames":{}}}
,"/home/pxtkhw/projetos/MestreMiudo/src/ai/flows/text-to-speech.ts": {"path":"/home/pxtkhw/projetos/MestreMiudo/src/ai/flows/text-to-speech.ts","statementMap":{"0":{"start":{"line":7,"column":2},"end":{"line":28,"column":null}},"1":{"start":{"line":9,"column":20},"end":{"line":9,"column":null}},"2":{"start":{"line":10,"column":18},"end":{"line":10,"column":null}},"3":{"start":{"line":12,"column":4},"end":{"line":14,"column":null}},"4":{"start":{"line":13,"column":6},"end":{"line":13,"column":null}},"5":{"start":{"line":16,"column":32},"end":{"line":19,"column":null}},"6":{"start":{"line":21,"column":24},"end":{"line":21,"column":null}},"7":{"start":{"line":22,"column":25},"end":{"line":22,"column":null}},"8":{"start":{"line":24,"column":4},"end":{"line":24,"column":null}},"9":{"start":{"line":26,"column":4},"end":{"line":26,"column":null}},"10":{"start":{"line":27,"column":4},"end":{"line":27,"column":null}}},"fnMap":{"0":{"name":"textToSpeech","decl":{"start":{"line":6,"column":22},"end":{"line":6,"column":35}},"loc":{"start":{"line":6,"column":78},"end":{"line":29,"column":null}},"line":6}},"branchMap":{"0":{"loc":{"start":{"line":10,"column":18},"end":{"line":10,"column":null}},"type":"binary-expr","locations":[{"start":{"line":10,"column":18},"end":{"line":10,"column":33}},{"start":{"line":10,"column":33},"end":{"line":10,"column":null}}],"line":10},"1":{"loc":{"start":{"line":12,"column":4},"end":{"line":14,"column":null}},"type":"if","locations":[{"start":{"line":12,"column":4},"end":{"line":14,"column":null}},{"start":{},"end":{}}],"line":12},"2":{"loc":{"start":{"line":12,"column":8},"end":{"line":12,"column":47}},"type":"binary-expr","locations":[{"start":{"line":12,"column":8},"end":{"line":12,"column":18}},{"start":{"line":12,"column":18},"end":{"line":12,"column":47}}],"line":12}},"s":{"0":0,"1":0,"2":0,"3":0,"4":0,"5":0,"6":0,"7":0,"8":0,"9":0,"10":0},"f":{"0":0},"b":{"0":[0,0],"1":[0,0],"2":[0,0]},"meta":{"lastBranch":3,"lastFunction":1,"lastStatement":11,"seen":{"f:6:22:6:35":0,"s:7:2:28:Infinity":0,"s:9:20:9:Infinity":1,"s:10:18:10:Infinity":2,"b:10:18:10:33:10:33:10:Infinity":0,"b:12:4:14:Infinity:undefined:undefined:undefined:undefined":1,"s:12:4:14:Infinity":3,"b:12:8:12:18:12:18:12:47":2,"s:13:6:13:Infinity":4,"s:16:32:19:Infinity":5,"s:21:24:21:Infinity":6,"s:22:25:22:Infinity":7,"s:24:4:24:Infinity":8,"s:26:4:26:Infinity":9,"s:27:4:27:Infinity":10},"fnNames":{}}}
,"/home/pxtkhw/projetos/MestreMiudo/src/app/shared-schemas.ts": {"path":"/home/pxtkhw/projetos/MestreMiudo/src/app/shared-schemas.ts","statementMap":{"0":{"start":{"line":3,"column":51},"end":{"line":27,"column":null}},"1":{"start":{"line":32,"column":52},"end":{"line":42,"column":null}},"2":{"start":{"line":56,"column":31},"end":{"line":61,"column":null}},"3":{"start":{"line":64,"column":28},"end":{"line":70,"column":null}},"4":{"start":{"line":73,"column":32},"end":{"line":82,"column":null}},"5":{"start":{"line":85,"column":35},"end":{"line":93,"column":null}},"6":{"start":{"line":96,"column":42},"end":{"line":100,"column":null}},"7":{"start":{"line":103,"column":32},"end":{"line":110,"column":null}},"8":{"start":{"line":117,"column":37},"end":{"line":124,"column":null}},"9":{"start":{"line":127,"column":45},"end":{"line":134,"column":null}},"10":{"start":{"line":137,"column":46},"end":{"line":139,"column":null}},"11":{"start":{"line":142,"column":28},"end":{"line":153,"column":null}},"12":{"start":{"line":156,"column":38},"end":{"line":166,"column":null}},"13":{"start":{"line":173,"column":30},"end":{"line":182,"column":null}},"14":{"start":{"line":185,"column":35},"end":{"line":191,"column":null}}},"fnMap":{},"branchMap":{},"s":{"0":1,"1":1,"2":1,"3":1,"4":1,"5":1,"6":1,"7":1,"8":1,"9":1,"10":1,"11":1,"12":1,"13":1,"14":1},"f":{},"b":{},"meta":{"lastBranch":0,"lastFunction":0,"lastStatement":15,"seen":{"s:3:51:27:Infinity":0,"s:32:52:42:Infinity":1,"s:56:31:61:Infinity":2,"s:64:28:70:Infinity":3,"s:73:32:82:Infinity":4,"s:85:35:93:Infinity":5,"s:96:42:100:Infinity":6,"s:103:32:110:Infinity":7,"s:117:37:124:Infinity":8,"s:127:45:134:Infinity":9,"s:137:46:139:Infinity":10,"s:142:28:153:Infinity":11,"s:156:38:166:Infinity":12,"s:173:30:182:Infinity":13,"s:185:35:191:Infinity":14},"fnNames":{}}}
,"/home/pxtkhw/projetos/MestreMiudo/src/app/actions/diagnostic.ts": {"path":"/home/pxtkhw/projetos/MestreMiudo/src/app/actions/diagnostic.ts","statementMap":{"0":{"start":{"line":1,"column":0},"end":{"line":1,"column":null}},"1":{"start":{"line":8,"column":2},"end":{"line":8,"column":null}},"2":{"start":{"line":9,"column":2},"end":{"line":9,"column":null}},"3":{"start":{"line":18,"column":18},"end":{"line":18,"column":null}},"4":{"start":{"line":20,"column":2},"end":{"line":20,"column":null}},"5":{"start":{"line":23,"column":2},"end":{"line":39,"column":null}},"6":{"start":{"line":24,"column":4},"end":{"line":38,"column":null}},"7":{"start":{"line":25,"column":24},"end":{"line":33,"column":null}},"8":{"start":{"line":35,"column":6},"end":{"line":35,"column":null}},"9":{"start":{"line":35,"column":17},"end":{"line":35,"column":null}},"10":{"start":{"line":37,"column":6},"end":{"line":37,"column":null}},"11":{"start":{"line":41,"column":2},"end":{"line":41,"column":null}},"12":{"start":{"line":45,"column":2},"end":{"line":45,"column":null}}},"fnMap":{"0":{"name":"generateDiagnostic","decl":{"start":{"line":7,"column":22},"end":{"line":7,"column":41}},"loc":{"start":{"line":7,"column":68},"end":{"line":10,"column":null}},"line":7},"1":{"name":"saveDiagnosticResults","decl":{"start":{"line":12,"column":22},"end":{"line":12,"column":null}},"loc":{"start":{"line":17,"column":2},"end":{"line":42,"column":null}},"line":17},"2":{"name":"checkDiagnosticNeeded","decl":{"start":{"line":44,"column":22},"end":{"line":44,"column":44}},"loc":{"start":{"line":44,"column":91},"end":{"line":46,"column":null}},"line":44}},"branchMap":{"0":{"loc":{"start":{"line":23,"column":2},"end":{"line":39,"column":null}},"type":"if","locations":[{"start":{"line":23,"column":2},"end":{"line":39,"column":null}},{"start":{},"end":{}}],"line":23},"1":{"loc":{"start":{"line":23,"column":6},"end":{"line":23,"column":42}},"type":"binary-expr","locations":[{"start":{"line":23,"column":6},"end":{"line":23,"column":27}},{"start":{"line":23,"column":32},"end":{"line":23,"column":42}}],"line":23},"2":{"loc":{"start":{"line":35,"column":6},"end":{"line":35,"column":null}},"type":"if","locations":[{"start":{"line":35,"column":6},"end":{"line":35,"column":null}},{"start":{},"end":{}}],"line":35}},"s":{"0":1,"1":0,"2":0,"3":0,"4":0,"5":0,"6":0,"7":0,"8":0,"9":0,"10":0,"11":0,"12":0},"f":{"0":0,"1":0,"2":0},"b":{"0":[0,0],"1":[0,0],"2":[0,0]},"meta":{"lastBranch":3,"lastFunction":3,"lastStatement":13,"seen":{"s:1:0:1:Infinity":0,"f:7:22:7:41":0,"s:8:2:8:Infinity":1,"s:9:2:9:Infinity":2,"f:12:22:12:Infinity":1,"s:18:18:18:Infinity":3,"s:20:2:20:Infinity":4,"b:23:2:39:Infinity:undefined:undefined:undefined:undefined":0,"s:23:2:39:Infinity":5,"b:23:6:23:27:23:32:23:42":1,"s:24:4:38:Infinity":6,"s:25:24:33:Infinity":7,"b:35:6:35:Infinity:undefined:undefined:undefined:undefined":2,"s:35:6:35:Infinity":8,"s:35:17:35:Infinity":9,"s:37:6:37:Infinity":10,"s:41:2:41:Infinity":11,"f:44:22:44:44":2,"s:45:2:45:Infinity":12},"fnNames":{}}}
,"/home/pxtkhw/projetos/MestreMiudo/src/app/actions/index.ts": {"path":"/home/pxtkhw/projetos/MestreMiudo/src/app/actions/index.ts","statementMap":{},"fnMap":{},"branchMap":{},"s":{},"f":{},"b":{},"meta":{"lastBranch":0,"lastFunction":0,"lastStatement":0,"seen":{},"fnNames":{}}}
,"/home/pxtkhw/projetos/MestreMiudo/src/app/actions/lessons.ts": {"path":"/home/pxtkhw/projetos/MestreMiudo/src/app/actions/lessons.ts","statementMap":{"0":{"start":{"line":1,"column":0},"end":{"line":1,"column":null}},"1":{"start":{"line":9,"column":2},"end":{"line":38,"column":null}},"2":{"start":{"line":10,"column":4},"end":{"line":12,"column":null}},"3":{"start":{"line":11,"column":6},"end":{"line":11,"column":null}},"4":{"start":{"line":14,"column":49},"end":{"line":18,"column":null}},"5":{"start":{"line":20,"column":4},"end":{"line":20,"column":null}},"6":{"start":{"line":20,"column":21},"end":{"line":20,"column":null}},"7":{"start":{"line":23,"column":57},"end":{"line":27,"column":null}},"8":{"start":{"line":29,"column":4},"end":{"line":29,"column":null}},"9":{"start":{"line":29,"column":25},"end":{"line":29,"column":null}},"10":{"start":{"line":31,"column":4},"end":{"line":34,"column":null}},"11":{"start":{"line":36,"column":4},"end":{"line":36,"column":null}},"12":{"start":{"line":37,"column":4},"end":{"line":37,"column":null}},"13":{"start":{"line":45,"column":2},"end":{"line":62,"column":null}},"14":{"start":{"line":46,"column":4},"end":{"line":48,"column":null}},"15":{"start":{"line":47,"column":6},"end":{"line":47,"column":null}},"16":{"start":{"line":50,"column":28},"end":{"line":55,"column":null}},"17":{"start":{"line":57,"column":4},"end":{"line":57,"column":null}},"18":{"start":{"line":57,"column":15},"end":{"line":57,"column":null}},"19":{"start":{"line":58,"column":4},"end":{"line":58,"column":null}},"20":{"start":{"line":60,"column":4},"end":{"line":60,"column":null}},"21":{"start":{"line":61,"column":4},"end":{"line":61,"column":null}},"22":{"start":{"line":69,"column":2},"end":{"line":86,"column":null}},"23":{"start":{"line":70,"column":4},"end":{"line":72,"column":null}},"24":{"start":{"line":71,"column":6},"end":{"line":71,"column":null}},"25":{"start":{"line":74,"column":28},"end":{"line":79,"column":null}},"26":{"start":{"line":81,"column":4},"end":{"line":81,"column":null}},"27":{"start":{"line":81,"column":44},"end":{"line":81,"column":null}},"28":{"start":{"line":82,"column":4},"end":{"line":82,"column":null}},"29":{"start":{"line":84,"column":4},"end":{"line":84,"column":null}},"30":{"start":{"line":85,"column":4},"end":{"line":85,"column":null}},"31":{"start":{"line":95,"column":2},"end":{"line":145,"column":null}},"32":{"start":{"line":96,"column":4},"end":{"line":98,"column":null}},"33":{"start":{"line":97,"column":6},"end":{"line":97,"column":null}},"34":{"start":{"line":101,"column":16},"end":{"line":101,"column":null}},"35":{"start":{"line":102,"column":4},"end":{"line":104,"column":null}},"36":{"start":{"line":102,"column":23},"end":{"line":102,"column":null}},"37":{"start":{"line":103,"column":9},"end":{"line":104,"column":null}},"38":{"start":{"line":103,"column":26},"end":{"line":103,"column":null}},"39":{"start":{"line":104,"column":9},"end":{"line":104,"column":null}},"40":{"start":{"line":104,"column":26},"end":{"line":104,"column":null}},"41":{"start":{"line":106,"column":22},"end":{"line":106,"column":null}},"42":{"start":{"line":107,"column":18},"end":{"line":107,"column":null}},"43":{"start":{"line":109,"column":28},"end":{"line":123,"column":null}},"44":{"start":{"line":125,"column":4},"end":{"line":125,"column":null}},"45":{"start":{"line":125,"column":15},"end":{"line":125,"column":null}},"46":{"start":{"line":128,"column":4},"end":{"line":128,"column":null}},"47":{"start":{"line":131,"column":4},"end":{"line":133,"column":null}},"48":{"start":{"line":132,"column":6},"end":{"line":132,"column":null}},"49":{"start":{"line":135,"column":4},"end":{"line":138,"column":null}},"50":{"start":{"line":140,"column":4},"end":{"line":140,"column":null}},"51":{"start":{"line":141,"column":4},"end":{"line":144,"column":null}}},"fnMap":{"0":{"name":"getLessonDataAction","decl":{"start":{"line":8,"column":22},"end":{"line":8,"column":42}},"loc":{"start":{"line":8,"column":60},"end":{"line":39,"column":null}},"line":8},"1":{"name":"getLessonsForSubjectAction","decl":{"start":{"line":41,"column":22},"end":{"line":41,"column":null}},"loc":{"start":{"line":44,"column":2},"end":{"line":63,"column":null}},"line":44},"2":{"name":"getStudentLessonProgressAction","decl":{"start":{"line":65,"column":22},"end":{"line":65,"column":null}},"loc":{"start":{"line":68,"column":2},"end":{"line":87,"column":null}},"line":68},"3":{"name":"saveLessonCompletionAction","decl":{"start":{"line":89,"column":22},"end":{"line":89,"column":null}},"loc":{"start":{"line":94,"column":2},"end":{"line":146,"column":null}},"line":94},"4":{"name":"(anonymous_4)","decl":{"start":{"line":131,"column":35},"end":{"line":131,"column":42}},"loc":{"start":{"line":131,"column":50},"end":{"line":133,"column":5}},"line":131}},"branchMap":{"0":{"loc":{"start":{"line":10,"column":4},"end":{"line":12,"column":null}},"type":"if","locations":[{"start":{"line":10,"column":4},"end":{"line":12,"column":null}},{"start":{},"end":{}}],"line":10},"1":{"loc":{"start":{"line":10,"column":8},"end":{"line":10,"column":46}},"type":"binary-expr","locations":[{"start":{"line":10,"column":8},"end":{"line":10,"column":30}},{"start":{"line":10,"column":35},"end":{"line":10,"column":46}}],"line":10},"2":{"loc":{"start":{"line":20,"column":4},"end":{"line":20,"column":null}},"type":"if","locations":[{"start":{"line":20,"column":4},"end":{"line":20,"column":null}},{"start":{},"end":{}}],"line":20},"3":{"loc":{"start":{"line":29,"column":4},"end":{"line":29,"column":null}},"type":"if","locations":[{"start":{"line":29,"column":4},"end":{"line":29,"column":null}},{"start":{},"end":{}}],"line":29},"4":{"loc":{"start":{"line":33,"column":18},"end":{"line":33,"column":null}},"type":"binary-expr","locations":[{"start":{"line":33,"column":18},"end":{"line":33,"column":32}},{"start":{"line":33,"column":32},"end":{"line":33,"column":null}}],"line":33},"5":{"loc":{"start":{"line":46,"column":4},"end":{"line":48,"column":null}},"type":"if","locations":[{"start":{"line":46,"column":4},"end":{"line":48,"column":null}},{"start":{},"end":{}}],"line":46},"6":{"loc":{"start":{"line":46,"column":8},"end":{"line":46,"column":46}},"type":"binary-expr","locations":[{"start":{"line":46,"column":8},"end":{"line":46,"column":30}},{"start":{"line":46,"column":35},"end":{"line":46,"column":46}}],"line":46},"7":{"loc":{"start":{"line":57,"column":4},"end":{"line":57,"column":null}},"type":"if","locations":[{"start":{"line":57,"column":4},"end":{"line":57,"column":null}},{"start":{},"end":{}}],"line":57},"8":{"loc":{"start":{"line":58,"column":11},"end":{"line":58,"column":null}},"type":"binary-expr","locations":[{"start":{"line":58,"column":11},"end":{"line":58,"column":19}},{"start":{"line":58,"column":19},"end":{"line":58,"column":null}}],"line":58},"9":{"loc":{"start":{"line":70,"column":4},"end":{"line":72,"column":null}},"type":"if","locations":[{"start":{"line":70,"column":4},"end":{"line":72,"column":null}},{"start":{},"end":{}}],"line":70},"10":{"loc":{"start":{"line":70,"column":8},"end":{"line":70,"column":46}},"type":"binary-expr","locations":[{"start":{"line":70,"column":8},"end":{"line":70,"column":30}},{"start":{"line":70,"column":35},"end":{"line":70,"column":46}}],"line":70},"11":{"loc":{"start":{"line":81,"column":4},"end":{"line":81,"column":null}},"type":"if","locations":[{"start":{"line":81,"column":4},"end":{"line":81,"column":null}},{"start":{},"end":{}}],"line":81},"12":{"loc":{"start":{"line":81,"column":8},"end":{"line":81,"column":44}},"type":"binary-expr","locations":[{"start":{"line":81,"column":8},"end":{"line":81,"column":17}},{"start":{"line":81,"column":17},"end":{"line":81,"column":44}}],"line":81},"13":{"loc":{"start":{"line":82,"column":11},"end":{"line":82,"column":null}},"type":"binary-expr","locations":[{"start":{"line":82,"column":11},"end":{"line":82,"column":19}},{"start":{"line":82,"column":19},"end":{"line":82,"column":null}}],"line":82},"14":{"loc":{"start":{"line":96,"column":4},"end":{"line":98,"column":null}},"type":"if","locations":[{"start":{"line":96,"column":4},"end":{"line":98,"column":null}},{"start":{},"end":{}}],"line":96},"15":{"loc":{"start":{"line":96,"column":8},"end":{"line":96,"column":46}},"type":"binary-expr","locations":[{"start":{"line":96,"column":8},"end":{"line":96,"column":30}},{"start":{"line":96,"column":35},"end":{"line":96,"column":46}}],"line":96},"16":{"loc":{"start":{"line":102,"column":4},"end":{"line":104,"column":null}},"type":"if","locations":[{"start":{"line":102,"column":4},"end":{"line":104,"column":null}},{"start":{"line":103,"column":9},"end":{"line":104,"column":null}}],"line":102},"17":{"loc":{"start":{"line":103,"column":9},"end":{"line":104,"column":null}},"type":"if","locations":[{"start":{"line":103,"column":9},"end":{"line":104,"column":null}},{"start":{"line":104,"column":9},"end":{"line":104,"column":null}}],"line":103},"18":{"loc":{"start":{"line":104,"column":9},"end":{"line":104,"column":null}},"type":"if","locations":[{"start":{"line":104,"column":9},"end":{"line":104,"column":null}},{"start":{},"end":{}}],"line":104},"19":{"loc":{"start":{"line":107,"column":18},"end":{"line":107,"column":null}},"type":"binary-expr","locations":[{"start":{"line":107,"column":18},"end":{"line":107,"column":38}},{"start":{"line":107,"column":38},"end":{"line":107,"column":null}}],"line":107},"20":{"loc":{"start":{"line":125,"column":4},"end":{"line":125,"column":null}},"type":"if","locations":[{"start":{"line":125,"column":4},"end":{"line":125,"column":null}},{"start":{},"end":{}}],"line":125}},"s":{"0":1,"1":0,"2":0,"3":0,"4":0,"5":0,"6":0,"7":0,"8":0,"9":0,"10":0,"11":0,"12":0,"13":0,"14":0,"15":0,"16":0,"17":0,"18":0,"19":0,"20":0,"21":0,"22":0,"23":0,"24":0,"25":0,"26":0,"27":0,"28":0,"29":0,"30":0,"31":0,"32":0,"33":0,"34":0,"35":0,"36":0,"37":0,"38":0,"39":0,"40":0,"41":0,"42":0,"43":0,"44":0,"45":0,"46":0,"47":0,"48":0,"49":0,"50":0,"51":0},"f":{"0":0,"1":0,"2":0,"3":0,"4":0},"b":{"0":[0,0],"1":[0,0],"2":[0,0],"3":[0,0],"4":[0,0],"5":[0,0],"6":[0,0],"7":[0,0],"8":[0,0],"9":[0,0],"10":[0,0],"11":[0,0],"12":[0,0],"13":[0,0],"14":[0,0],"15":[0,0],"16":[0,0],"17":[0,0],"18":[0,0],"19":[0,0],"20":[0,0]},"meta":{"lastBranch":21,"lastFunction":5,"lastStatement":52,"seen":{"s:1:0:1:Infinity":0,"f:8:22:8:42":0,"s:9:2:38:Infinity":1,"b:10:4:12:Infinity:undefined:undefined:undefined:undefined":0,"s:10:4:12:Infinity":2,"b:10:8:10:30:10:35:10:46":1,"s:11:6:11:Infinity":3,"s:14:49:18:Infinity":4,"b:20:4:20:Infinity:undefined:undefined:undefined:undefined":2,"s:20:4:20:Infinity":5,"s:20:21:20:Infinity":6,"s:23:57:27:Infinity":7,"b:29:4:29:Infinity:undefined:undefined:undefined:undefined":3,"s:29:4:29:Infinity":8,"s:29:25:29:Infinity":9,"s:31:4:34:Infinity":10,"b:33:18:33:32:33:32:33:Infinity":4,"s:36:4:36:Infinity":11,"s:37:4:37:Infinity":12,"f:41:22:41:Infinity":1,"s:45:2:62:Infinity":13,"b:46:4:48:Infinity:undefined:undefined:undefined:undefined":5,"s:46:4:48:Infinity":14,"b:46:8:46:30:46:35:46:46":6,"s:47:6:47:Infinity":15,"s:50:28:55:Infinity":16,"b:57:4:57:Infinity:undefined:undefined:undefined:undefined":7,"s:57:4:57:Infinity":17,"s:57:15:57:Infinity":18,"s:58:4:58:Infinity":19,"b:58:11:58:19:58:19:58:Infinity":8,"s:60:4:60:Infinity":20,"s:61:4:61:Infinity":21,"f:65:22:65:Infinity":2,"s:69:2:86:Infinity":22,"b:70:4:72:Infinity:undefined:undefined:undefined:undefined":9,"s:70:4:72:Infinity":23,"b:70:8:70:30:70:35:70:46":10,"s:71:6:71:Infinity":24,"s:74:28:79:Infinity":25,"b:81:4:81:Infinity:undefined:undefined:undefined:undefined":11,"s:81:4:81:Infinity":26,"b:81:8:81:17:81:17:81:44":12,"s:81:44:81:Infinity":27,"s:82:4:82:Infinity":28,"b:82:11:82:19:82:19:82:Infinity":13,"s:84:4:84:Infinity":29,"s:85:4:85:Infinity":30,"f:89:22:89:Infinity":3,"s:95:2:145:Infinity":31,"b:96:4:98:Infinity:undefined:undefined:undefined:undefined":14,"s:96:4:98:Infinity":32,"b:96:8:96:30:96:35:96:46":15,"s:97:6:97:Infinity":33,"s:101:16:101:Infinity":34,"b:102:4:104:Infinity:103:9:104:Infinity":16,"s:102:4:104:Infinity":35,"s:102:23:102:Infinity":36,"b:103:9:104:Infinity:104:9:104:Infinity":17,"s:103:9:104:Infinity":37,"s:103:26:103:Infinity":38,"b:104:9:104:Infinity:undefined:undefined:undefined:undefined":18,"s:104:9:104:Infinity":39,"s:104:26:104:Infinity":40,"s:106:22:106:Infinity":41,"s:107:18:107:Infinity":42,"b:107:18:107:38:107:38:107:Infinity":19,"s:109:28:123:Infinity":43,"b:125:4:125:Infinity:undefined:undefined:undefined:undefined":20,"s:125:4:125:Infinity":44,"s:125:15:125:Infinity":45,"s:128:4:128:Infinity":46,"s:131:4:133:Infinity":47,"f:131:35:131:42":4,"s:132:6:132:Infinity":48,"s:135:4:138:Infinity":49,"s:140:4:140:Infinity":50,"s:141:4:144:Infinity":51},"fnNames":{}}}
,"/home/pxtkhw/projetos/MestreMiudo/src/app/actions/quiz.ts": {"path":"/home/pxtkhw/projetos/MestreMiudo/src/app/actions/quiz.ts","statementMap":{"0":{"start":{"line":1,"column":0},"end":{"line":1,"column":null}},"1":{"start":{"line":12,"column":24},"end":{"line":12,"column":null}},"2":{"start":{"line":15,"column":2},"end":{"line":30,"column":null}},"3":{"start":{"line":16,"column":17},"end":{"line":16,"column":null}},"4":{"start":{"line":17,"column":19},"end":{"line":17,"column":null}},"5":{"start":{"line":18,"column":4},"end":{"line":21,"column":null}},"6":{"start":{"line":19,"column":8},"end":{"line":19,"column":null}},"7":{"start":{"line":20,"column":8},"end":{"line":20,"column":null}},"8":{"start":{"line":22,"column":4},"end":{"line":22,"column":null}},"9":{"start":{"line":24,"column":16},"end":{"line":24,"column":null}},"10":{"start":{"line":25,"column":4},"end":{"line":27,"column":null}},"11":{"start":{"line":26,"column":6},"end":{"line":26,"column":null}},"12":{"start":{"line":28,"column":4},"end":{"line":28,"column":null}},"13":{"start":{"line":29,"column":4},"end":{"line":29,"column":null}},"14":{"start":{"line":34,"column":2},"end":{"line":57,"column":null}},"15":{"start":{"line":35,"column":4},"end":{"line":56,"column":null}},"16":{"start":{"line":36,"column":30},"end":{"line":39,"column":null}},"17":{"start":{"line":41,"column":6},"end":{"line":41,"column":null}},"18":{"start":{"line":41,"column":17},"end":{"line":41,"column":null}},"19":{"start":{"line":43,"column":6},"end":{"line":52,"column":null}},"20":{"start":{"line":43,"column":40},"end":{"line":52,"column":8}},"21":{"start":{"line":54,"column":6},"end":{"line":54,"column":null}},"22":{"start":{"line":55,"column":6},"end":{"line":55,"column":null}},"23":{"start":{"line":58,"column":2},"end":{"line":58,"column":null}},"24":{"start":{"line":62,"column":20},"end":{"line":62,"column":null}},"25":{"start":{"line":63,"column":27},"end":{"line":65,"column":null}},"26":{"start":{"line":64,"column":8},"end":{"line":64,"column":null}},"27":{"start":{"line":67,"column":4},"end":{"line":69,"column":null}},"28":{"start":{"line":68,"column":8},"end":{"line":68,"column":null}},"29":{"start":{"line":71,"column":81},"end":{"line":71,"column":null}},"30":{"start":{"line":73,"column":4},"end":{"line":83,"column":null}},"31":{"start":{"line":74,"column":6},"end":{"line":82,"column":null}},"32":{"start":{"line":75,"column":10},"end":{"line":77,"column":null}},"33":{"start":{"line":76,"column":14},"end":{"line":76,"column":null}},"34":{"start":{"line":78,"column":10},"end":{"line":78,"column":null}},"35":{"start":{"line":79,"column":10},"end":{"line":81,"column":null}},"36":{"start":{"line":80,"column":14},"end":{"line":80,"column":null}},"37":{"start":{"line":85,"column":54},"end":{"line":85,"column":null}},"38":{"start":{"line":86,"column":4},"end":{"line":89,"column":null}},"39":{"start":{"line":87,"column":35},"end":{"line":87,"column":null}},"40":{"start":{"line":88,"column":8},"end":{"line":88,"column":null}},"41":{"start":{"line":91,"column":4},"end":{"line":91,"column":null}},"42":{"start":{"line":95,"column":36},"end":{"line":104,"column":null}},"43":{"start":{"line":106,"column":2},"end":{"line":112,"column":null}},"44":{"start":{"line":107,"column":20},"end":{"line":107,"column":null}},"45":{"start":{"line":108,"column":4},"end":{"line":108,"column":null}},"46":{"start":{"line":109,"column":4},"end":{"line":109,"column":null}},"47":{"start":{"line":111,"column":4},"end":{"line":111,"column":null}},"48":{"start":{"line":116,"column":2},"end":{"line":132,"column":null}},"49":{"start":{"line":117,"column":4},"end":{"line":131,"column":null}},"50":{"start":{"line":118,"column":24},"end":{"line":126,"column":null}},"51":{"start":{"line":127,"column":6},"end":{"line":127,"column":null}},"52":{"start":{"line":127,"column":17},"end":{"line":127,"column":null}},"53":{"start":{"line":128,"column":6},"end":{"line":128,"column":null}},"54":{"start":{"line":130,"column":6},"end":{"line":130,"column":null}},"55":{"start":{"line":133,"column":2},"end":{"line":133,"column":null}},"56":{"start":{"line":137,"column":2},"end":{"line":206,"column":null}},"57":{"start":{"line":138,"column":20},"end":{"line":138,"column":null}},"58":{"start":{"line":139,"column":4},"end":{"line":139,"column":null}},"59":{"start":{"line":139,"column":30},"end":{"line":139,"column":null}},"60":{"start":{"line":142,"column":39},"end":{"line":142,"column":null}},"61":{"start":{"line":143,"column":4},"end":{"line":155,"column":null}},"62":{"start":{"line":144,"column":29},"end":{"line":146,"column":null}},"63":{"start":{"line":145,"column":25},"end":{"line":145,"column":54}},"64":{"start":{"line":148,"column":6},"end":{"line":154,"column":null}},"65":{"start":{"line":149,"column":8},"end":{"line":153,"column":null}},"66":{"start":{"line":150,"column":10},"end":{"line":152,"column":null}},"67":{"start":{"line":151,"column":12},"end":{"line":151,"column":null}},"68":{"start":{"line":158,"column":28},"end":{"line":158,"column":null}},"69":{"start":{"line":160,"column":4},"end":{"line":168,"column":null}},"70":{"start":{"line":161,"column":6},"end":{"line":167,"column":null}},"71":{"start":{"line":162,"column":8},"end":{"line":166,"column":null}},"72":{"start":{"line":163,"column":10},"end":{"line":165,"column":null}},"73":{"start":{"line":164,"column":12},"end":{"line":164,"column":null}},"74":{"start":{"line":170,"column":29},"end":{"line":170,"column":null}},"75":{"start":{"line":172,"column":4},"end":{"line":184,"column":null}},"76":{"start":{"line":174,"column":6},"end":{"line":182,"column":null}},"77":{"start":{"line":175,"column":8},"end":{"line":181,"column":null}},"78":{"start":{"line":176,"column":10},"end":{"line":180,"column":null}},"79":{"start":{"line":177,"column":12},"end":{"line":179,"column":null}},"80":{"start":{"line":178,"column":14},"end":{"line":178,"column":null}},"81":{"start":{"line":183,"column":6},"end":{"line":183,"column":null}},"82":{"start":{"line":186,"column":4},"end":{"line":186,"column":null}},"83":{"start":{"line":186,"column":41},"end":{"line":186,"column":null}},"84":{"start":{"line":189,"column":21},"end":{"line":189,"column":null}},"85":{"start":{"line":189,"column":51},"end":{"line":189,"column":70}},"86":{"start":{"line":190,"column":21},"end":{"line":190,"column":null}},"87":{"start":{"line":192,"column":4},"end":{"line":192,"column":null}},"88":{"start":{"line":194,"column":4},"end":{"line":202,"column":null}},"89":{"start":{"line":195,"column":42},"end":{"line":201,"column":8}},"90":{"start":{"line":204,"column":4},"end":{"line":204,"column":null}},"91":{"start":{"line":205,"column":4},"end":{"line":205,"column":null}},"92":{"start":{"line":211,"column":2},"end":{"line":281,"column":null}},"93":{"start":{"line":212,"column":4},"end":{"line":280,"column":null}},"94":{"start":{"line":213,"column":18},"end":{"line":216,"column":null}},"95":{"start":{"line":218,"column":6},"end":{"line":220,"column":null}},"96":{"start":{"line":219,"column":8},"end":{"line":219,"column":null}},"97":{"start":{"line":223,"column":44},"end":{"line":223,"column":null}},"98":{"start":{"line":225,"column":6},"end":{"line":225,"column":null}},"99":{"start":{"line":225,"column":17},"end":{"line":225,"column":null}},"100":{"start":{"line":226,"column":6},"end":{"line":277,"column":null}},"101":{"start":{"line":228,"column":43},"end":{"line":228,"column":null}},"102":{"start":{"line":229,"column":8},"end":{"line":250,"column":null}},"103":{"start":{"line":230,"column":10},"end":{"line":249,"column":null}},"104":{"start":{"line":231,"column":44},"end":{"line":236,"column":null}},"105":{"start":{"line":238,"column":12},"end":{"line":246,"column":null}},"106":{"start":{"line":239,"column":14},"end":{"line":245,"column":null}},"107":{"start":{"line":240,"column":16},"end":{"line":244,"column":null}},"108":{"start":{"line":241,"column":18},"end":{"line":243,"column":null}},"109":{"start":{"line":242,"column":20},"end":{"line":242,"column":null}},"110":{"start":{"line":248,"column":12},"end":{"line":248,"column":null}},"111":{"start":{"line":253,"column":33},"end":{"line":253,"column":null}},"112":{"start":{"line":253,"column":60},"end":{"line":253,"column":98}},"113":{"start":{"line":256,"column":8},"end":{"line":258,"column":null}},"114":{"start":{"line":257,"column":10},"end":{"line":257,"column":null}},"115":{"start":{"line":261,"column":25},"end":{"line":261,"column":null}},"116":{"start":{"line":261,"column":55},"end":{"line":261,"column":74}},"117":{"start":{"line":262,"column":25},"end":{"line":262,"column":null}},"118":{"start":{"line":264,"column":8},"end":{"line":266,"column":null}},"119":{"start":{"line":265,"column":10},"end":{"line":265,"column":null}},"120":{"start":{"line":268,"column":8},"end":{"line":276,"column":null}},"121":{"start":{"line":269,"column":46},"end":{"line":275,"column":12}},"122":{"start":{"line":279,"column":6},"end":{"line":279,"column":null}},"123":{"start":{"line":284,"column":2},"end":{"line":284,"column":null}},"124":{"start":{"line":285,"column":2},"end":{"line":285,"column":null}},"125":{"start":{"line":289,"column":2},"end":{"line":289,"column":null}},"126":{"start":{"line":289,"column":44},"end":{"line":289,"column":null}},"127":{"start":{"line":291,"column":2},"end":{"line":326,"column":null}},"128":{"start":{"line":293,"column":30},"end":{"line":293,"column":null}},"129":{"start":{"line":293,"column":49},"end":{"line":293,"column":59}},"130":{"start":{"line":294,"column":31},"end":{"line":297,"column":null}},"131":{"start":{"line":299,"column":24},"end":{"line":299,"column":null}},"132":{"start":{"line":299,"column":51},"end":{"line":299,"column":61}},"133":{"start":{"line":302,"column":25},"end":{"line":302,"column":null}},"134":{"start":{"line":302,"column":47},"end":{"line":302,"column":75}},"135":{"start":{"line":304,"column":4},"end":{"line":307,"column":null}},"136":{"start":{"line":305,"column":6},"end":{"line":305,"column":null}},"137":{"start":{"line":306,"column":6},"end":{"line":306,"column":null}},"138":{"start":{"line":309,"column":17},"end":{"line":317,"column":null}},"139":{"start":{"line":309,"column":40},"end":{"line":317,"column":6}},"140":{"start":{"line":319,"column":4},"end":{"line":319,"column":null}},"141":{"start":{"line":320,"column":22},"end":{"line":320,"column":null}},"142":{"start":{"line":321,"column":4},"end":{"line":323,"column":null}},"143":{"start":{"line":322,"column":6},"end":{"line":322,"column":null}},"144":{"start":{"line":325,"column":4},"end":{"line":325,"column":null}},"145":{"start":{"line":330,"column":25},"end":{"line":335,"column":null}},"146":{"start":{"line":337,"column":26},"end":{"line":337,"column":null}},"147":{"start":{"line":339,"column":2},"end":{"line":339,"column":null}},"148":{"start":{"line":342,"column":2},"end":{"line":383,"column":null}},"149":{"start":{"line":343,"column":28},"end":{"line":343,"column":null}},"150":{"start":{"line":345,"column":20},"end":{"line":351,"column":null}},"151":{"start":{"line":353,"column":23},"end":{"line":353,"column":null}},"152":{"start":{"line":356,"column":4},"end":{"line":359,"column":null}},"153":{"start":{"line":357,"column":6},"end":{"line":358,"column":null}},"154":{"start":{"line":358,"column":22},"end":{"line":358,"column":73}},"155":{"start":{"line":361,"column":4},"end":{"line":361,"column":null}},"156":{"start":{"line":362,"column":4},"end":{"line":362,"column":null}},"157":{"start":{"line":365,"column":4},"end":{"line":365,"column":null}},"158":{"start":{"line":368,"column":19},"end":{"line":373,"column":null}},"159":{"start":{"line":375,"column":4},"end":{"line":378,"column":null}},"160":{"start":{"line":376,"column":6},"end":{"line":376,"column":null}},"161":{"start":{"line":377,"column":6},"end":{"line":377,"column":null}},"162":{"start":{"line":381,"column":4},"end":{"line":381,"column":null}},"163":{"start":{"line":382,"column":4},"end":{"line":382,"column":null}},"164":{"start":{"line":387,"column":27},"end":{"line":401,"column":null}},"165":{"start":{"line":402,"column":4},"end":{"line":402,"column":null}},"166":{"start":{"line":406,"column":21},"end":{"line":406,"column":null}},"167":{"start":{"line":407,"column":2},"end":{"line":407,"column":null}},"168":{"start":{"line":407,"column":36},"end":{"line":407,"column":65}}},"fnMap":{"0":{"name":"getQuizHistoryFromFile","decl":{"start":{"line":14,"column":15},"end":{"line":14,"column":68}},"loc":{"start":{"line":14,"column":68},"end":{"line":31,"column":null}},"line":14},"1":{"name":"getQuizHistory","decl":{"start":{"line":33,"column":15},"end":{"line":33,"column":60}},"loc":{"start":{"line":33,"column":60},"end":{"line":59,"column":null}},"line":33},"2":{"name":"(anonymous_2)","decl":{"start":{"line":43,"column":26},"end":{"line":43,"column":31}},"loc":{"start":{"line":43,"column":40},"end":{"line":52,"column":8}},"line":43},"3":{"name":"getPerformanceData","decl":{"start":{"line":61,"column":22},"end":{"line":61,"column":41}},"loc":{"start":{"line":61,"column":118},"end":{"line":92,"column":null}},"line":61},"4":{"name":"(anonymous_4)","decl":{"start":{"line":63,"column":35},"end":{"line":63,"column":42}},"loc":{"start":{"line":64,"column":8},"end":{"line":64,"column":null}},"line":64},"5":{"name":"saveQuizToFile","decl":{"start":{"line":94,"column":15},"end":{"line":94,"column":30}},"loc":{"start":{"line":94,"column":52},"end":{"line":113,"column":null}},"line":94},"6":{"name":"saveQuiz","decl":{"start":{"line":115,"column":15},"end":{"line":115,"column":24}},"loc":{"start":{"line":115,"column":46},"end":{"line":134,"column":null}},"line":115},"7":{"name":"getCachedQuestionsFromFile","decl":{"start":{"line":136,"column":15},"end":{"line":136,"column":42}},"loc":{"start":{"line":136,"column":126},"end":{"line":207,"column":null}},"line":136},"8":{"name":"(anonymous_8)","decl":{"start":{"line":145,"column":9},"end":{"line":145,"column":16}},"loc":{"start":{"line":145,"column":25},"end":{"line":145,"column":54}},"line":145},"9":{"name":"(anonymous_9)","decl":{"start":{"line":148,"column":21},"end":{"line":148,"column":29}},"loc":{"start":{"line":148,"column":38},"end":{"line":154,"column":7}},"line":148},"10":{"name":"(anonymous_10)","decl":{"start":{"line":150,"column":35},"end":{"line":150,"column":44}},"loc":{"start":{"line":150,"column":64},"end":{"line":152,"column":11}},"line":150},"11":{"name":"(anonymous_11)","decl":{"start":{"line":189,"column":40},"end":{"line":189,"column":51}},"loc":{"start":{"line":189,"column":51},"end":{"line":189,"column":70}},"line":189},"12":{"name":"(anonymous_12)","decl":{"start":{"line":195,"column":30},"end":{"line":195,"column":35}},"loc":{"start":{"line":195,"column":42},"end":{"line":201,"column":8}},"line":195},"13":{"name":"getCachedQuestions","decl":{"start":{"line":209,"column":15},"end":{"line":209,"column":34}},"loc":{"start":{"line":209,"column":118},"end":{"line":286,"column":null}},"line":209},"14":{"name":"(anonymous_14)","decl":{"start":{"line":239,"column":28},"end":{"line":239,"column":37}},"loc":{"start":{"line":239,"column":47},"end":{"line":245,"column":15}},"line":239},"15":{"name":"(anonymous_15)","decl":{"start":{"line":241,"column":48},"end":{"line":241,"column":57}},"loc":{"start":{"line":241,"column":77},"end":{"line":243,"column":19}},"line":241},"16":{"name":"(anonymous_16)","decl":{"start":{"line":253,"column":46},"end":{"line":253,"column":54}},"loc":{"start":{"line":253,"column":60},"end":{"line":253,"column":98}},"line":253},"17":{"name":"(anonymous_17)","decl":{"start":{"line":261,"column":44},"end":{"line":261,"column":55}},"loc":{"start":{"line":261,"column":55},"end":{"line":261,"column":74}},"line":261},"18":{"name":"(anonymous_18)","decl":{"start":{"line":269,"column":34},"end":{"line":269,"column":39}},"loc":{"start":{"line":269,"column":46},"end":{"line":275,"column":12}},"line":269},"19":{"name":"cacheQuestions","decl":{"start":{"line":288,"column":15},"end":{"line":288,"column":30}},"loc":{"start":{"line":288,"column":106},"end":{"line":327,"column":null}},"line":288},"20":{"name":"(anonymous_20)","decl":{"start":{"line":293,"column":40},"end":{"line":293,"column":44}},"loc":{"start":{"line":293,"column":49},"end":{"line":293,"column":59}},"line":293},"21":{"name":"(anonymous_21)","decl":{"start":{"line":299,"column":42},"end":{"line":299,"column":46}},"loc":{"start":{"line":299,"column":51},"end":{"line":299,"column":61}},"line":299},"22":{"name":"(anonymous_22)","decl":{"start":{"line":302,"column":35},"end":{"line":302,"column":42}},"loc":{"start":{"line":302,"column":47},"end":{"line":302,"column":75}},"line":302},"23":{"name":"(anonymous_23)","decl":{"start":{"line":309,"column":30},"end":{"line":309,"column":34}},"loc":{"start":{"line":309,"column":40},"end":{"line":317,"column":6}},"line":309},"24":{"name":"generateQuiz","decl":{"start":{"line":329,"column":22},"end":{"line":329,"column":35}},"loc":{"start":{"line":329,"column":53},"end":{"line":384,"column":null}},"line":329},"25":{"name":"(anonymous_25)","decl":{"start":{"line":358,"column":9},"end":{"line":358,"column":15}},"loc":{"start":{"line":358,"column":22},"end":{"line":358,"column":73}},"line":358},"26":{"name":"saveQuizResults","decl":{"start":{"line":386,"column":22},"end":{"line":386,"column":38}},"loc":{"start":{"line":386,"column":60},"end":{"line":403,"column":null}},"line":386},"27":{"name":"getFullQuizHistory","decl":{"start":{"line":405,"column":22},"end":{"line":405,"column":41}},"loc":{"start":{"line":405,"column":88},"end":{"line":408,"column":null}},"line":405},"28":{"name":"(anonymous_28)","decl":{"start":{"line":407,"column":20},"end":{"line":407,"column":27}},"loc":{"start":{"line":407,"column":36},"end":{"line":407,"column":65}},"line":407}},"branchMap":{"0":{"loc":{"start":{"line":18,"column":4},"end":{"line":21,"column":null}},"type":"if","locations":[{"start":{"line":18,"column":4},"end":{"line":21,"column":null}},{"start":{},"end":{}}],"line":18},"1":{"loc":{"start":{"line":24,"column":16},"end":{"line":24,"column":null}},"type":"cond-expr","locations":[{"start":{"line":24,"column":41},"end":{"line":24,"column":49}},{"start":{"line":24,"column":49},"end":{"line":24,"column":null}}],"line":24},"2":{"loc":{"start":{"line":25,"column":4},"end":{"line":27,"column":null}},"type":"if","locations":[{"start":{"line":25,"column":4},"end":{"line":27,"column":null}},{"start":{},"end":{}}],"line":25},"3":{"loc":{"start":{"line":34,"column":2},"end":{"line":57,"column":null}},"type":"if","locations":[{"start":{"line":34,"column":2},"end":{"line":57,"column":null}},{"start":{},"end":{}}],"line":34},"4":{"loc":{"start":{"line":34,"column":6},"end":{"line":34,"column":42}},"type":"binary-expr","locations":[{"start":{"line":34,"column":6},"end":{"line":34,"column":27}},{"start":{"line":34,"column":32},"end":{"line":34,"column":42}}],"line":34},"5":{"loc":{"start":{"line":41,"column":6},"end":{"line":41,"column":null}},"type":"if","locations":[{"start":{"line":41,"column":6},"end":{"line":41,"column":null}},{"start":{},"end":{}}],"line":41},"6":{"loc":{"start":{"line":43,"column":14},"end":{"line":43,"column":24}},"type":"binary-expr","locations":[{"start":{"line":43,"column":14},"end":{"line":43,"column":22}},{"start":{"line":43,"column":22},"end":{"line":43,"column":24}}],"line":43},"7":{"loc":{"start":{"line":64,"column":8},"end":{"line":64,"column":null}},"type":"binary-expr","locations":[{"start":{"line":64,"column":8},"end":{"line":64,"column":42}},{"start":{"line":64,"column":42},"end":{"line":64,"column":null}}],"line":64},"8":{"loc":{"start":{"line":64,"column":42},"end":{"line":64,"column":null}},"type":"cond-expr","locations":[{"start":{"line":64,"column":52},"end":{"line":64,"column":80}},{"start":{"line":64,"column":80},"end":{"line":64,"column":null}}],"line":64},"9":{"loc":{"start":{"line":67,"column":4},"end":{"line":69,"column":null}},"type":"if","locations":[{"start":{"line":67,"column":4},"end":{"line":69,"column":null}},{"start":{},"end":{}}],"line":67},"10":{"loc":{"start":{"line":75,"column":10},"end":{"line":77,"column":null}},"type":"if","locations":[{"start":{"line":75,"column":10},"end":{"line":77,"column":null}},{"start":{},"end":{}}],"line":75},"11":{"loc":{"start":{"line":79,"column":10},"end":{"line":81,"column":null}},"type":"if","locations":[{"start":{"line":79,"column":10},"end":{"line":81,"column":null}},{"start":{},"end":{}}],"line":79},"12":{"loc":{"start":{"line":88,"column":35},"end":{"line":88,"column":null}},"type":"cond-expr","locations":[{"start":{"line":88,"column":47},"end":{"line":88,"column":65}},{"start":{"line":88,"column":65},"end":{"line":88,"column":null}}],"line":88},"13":{"loc":{"start":{"line":116,"column":2},"end":{"line":132,"column":null}},"type":"if","locations":[{"start":{"line":116,"column":2},"end":{"line":132,"column":null}},{"start":{},"end":{}}],"line":116},"14":{"loc":{"start":{"line":116,"column":6},"end":{"line":116,"column":42}},"type":"binary-expr","locations":[{"start":{"line":116,"column":6},"end":{"line":116,"column":27}},{"start":{"line":116,"column":32},"end":{"line":116,"column":42}}],"line":116},"15":{"loc":{"start":{"line":127,"column":6},"end":{"line":127,"column":null}},"type":"if","locations":[{"start":{"line":127,"column":6},"end":{"line":127,"column":null}},{"start":{},"end":{}}],"line":127},"16":{"loc":{"start":{"line":139,"column":4},"end":{"line":139,"column":null}},"type":"if","locations":[{"start":{"line":139,"column":4},"end":{"line":139,"column":null}},{"start":{},"end":{}}],"line":139},"17":{"loc":{"start":{"line":143,"column":4},"end":{"line":155,"column":null}},"type":"if","locations":[{"start":{"line":143,"column":4},"end":{"line":155,"column":null}},{"start":{},"end":{}}],"line":143},"18":{"loc":{"start":{"line":149,"column":8},"end":{"line":153,"column":null}},"type":"if","locations":[{"start":{"line":149,"column":8},"end":{"line":153,"column":null}},{"start":{},"end":{}}],"line":149},"19":{"loc":{"start":{"line":161,"column":6},"end":{"line":167,"column":null}},"type":"if","locations":[{"start":{"line":161,"column":6},"end":{"line":167,"column":null}},{"start":{},"end":{}}],"line":161},"20":{"loc":{"start":{"line":163,"column":10},"end":{"line":165,"column":null}},"type":"if","locations":[{"start":{"line":163,"column":10},"end":{"line":165,"column":null}},{"start":{},"end":{}}],"line":163},"21":{"loc":{"start":{"line":163,"column":14},"end":{"line":163,"column":90}},"type":"binary-expr","locations":[{"start":{"line":163,"column":14},"end":{"line":163,"column":56}},{"start":{"line":163,"column":56},"end":{"line":163,"column":90}}],"line":163},"22":{"loc":{"start":{"line":172,"column":4},"end":{"line":184,"column":null}},"type":"if","locations":[{"start":{"line":172,"column":4},"end":{"line":184,"column":null}},{"start":{},"end":{}}],"line":172},"23":{"loc":{"start":{"line":175,"column":8},"end":{"line":181,"column":null}},"type":"if","locations":[{"start":{"line":175,"column":8},"end":{"line":181,"column":null}},{"start":{},"end":{}}],"line":175},"24":{"loc":{"start":{"line":177,"column":12},"end":{"line":179,"column":null}},"type":"if","locations":[{"start":{"line":177,"column":12},"end":{"line":179,"column":null}},{"start":{},"end":{}}],"line":177},"25":{"loc":{"start":{"line":186,"column":4},"end":{"line":186,"column":null}},"type":"if","locations":[{"start":{"line":186,"column":4},"end":{"line":186,"column":null}},{"start":{},"end":{}}],"line":186},"26":{"loc":{"start":{"line":200,"column":18},"end":{"line":200,"column":null}},"type":"binary-expr","locations":[{"start":{"line":200,"column":18},"end":{"line":200,"column":32}},{"start":{"line":200,"column":32},"end":{"line":200,"column":null}}],"line":200},"27":{"loc":{"start":{"line":211,"column":2},"end":{"line":281,"column":null}},"type":"if","locations":[{"start":{"line":211,"column":2},"end":{"line":281,"column":null}},{"start":{},"end":{}}],"line":211},"28":{"loc":{"start":{"line":211,"column":6},"end":{"line":211,"column":42}},"type":"binary-expr","locations":[{"start":{"line":211,"column":6},"end":{"line":211,"column":27}},{"start":{"line":211,"column":32},"end":{"line":211,"column":42}}],"line":211},"29":{"loc":{"start":{"line":218,"column":6},"end":{"line":220,"column":null}},"type":"if","locations":[{"start":{"line":218,"column":6},"end":{"line":220,"column":null}},{"start":{},"end":{}}],"line":218},"30":{"loc":{"start":{"line":225,"column":6},"end":{"line":225,"column":null}},"type":"if","locations":[{"start":{"line":225,"column":6},"end":{"line":225,"column":null}},{"start":{},"end":{}}],"line":225},"31":{"loc":{"start":{"line":226,"column":6},"end":{"line":277,"column":null}},"type":"if","locations":[{"start":{"line":226,"column":6},"end":{"line":277,"column":null}},{"start":{},"end":{}}],"line":226},"32":{"loc":{"start":{"line":226,"column":10},"end":{"line":226,"column":51}},"type":"binary-expr","locations":[{"start":{"line":226,"column":10},"end":{"line":226,"column":26}},{"start":{"line":226,"column":26},"end":{"line":226,"column":51}}],"line":226},"33":{"loc":{"start":{"line":229,"column":8},"end":{"line":250,"column":null}},"type":"if","locations":[{"start":{"line":229,"column":8},"end":{"line":250,"column":null}},{"start":{},"end":{}}],"line":229},"34":{"loc":{"start":{"line":238,"column":12},"end":{"line":246,"column":null}},"type":"if","locations":[{"start":{"line":238,"column":12},"end":{"line":246,"column":null}},{"start":{},"end":{}}],"line":238},"35":{"loc":{"start":{"line":240,"column":16},"end":{"line":244,"column":null}},"type":"if","locations":[{"start":{"line":240,"column":16},"end":{"line":244,"column":null}},{"start":{},"end":{}}],"line":240},"36":{"loc":{"start":{"line":256,"column":8},"end":{"line":258,"column":null}},"type":"if","locations":[{"start":{"line":256,"column":8},"end":{"line":258,"column":null}},{"start":{},"end":{}}],"line":256},"37":{"loc":{"start":{"line":264,"column":8},"end":{"line":266,"column":null}},"type":"if","locations":[{"start":{"line":264,"column":8},"end":{"line":266,"column":null}},{"start":{},"end":{}}],"line":264},"38":{"loc":{"start":{"line":274,"column":22},"end":{"line":274,"column":null}},"type":"binary-expr","locations":[{"start":{"line":274,"column":22},"end":{"line":274,"column":37}},{"start":{"line":274,"column":37},"end":{"line":274,"column":null}}],"line":274},"39":{"loc":{"start":{"line":289,"column":2},"end":{"line":289,"column":null}},"type":"if","locations":[{"start":{"line":289,"column":2},"end":{"line":289,"column":null}},{"start":{},"end":{}}],"line":289},"40":{"loc":{"start":{"line":289,"column":6},"end":{"line":289,"column":44}},"type":"binary-expr","locations":[{"start":{"line":289,"column":6},"end":{"line":289,"column":28}},{"start":{"line":289,"column":33},"end":{"line":289,"column":44}}],"line":289},"41":{"loc":{"start":{"line":299,"column":32},"end":{"line":299,"column":68}},"type":"binary-expr","locations":[{"start":{"line":299,"column":32},"end":{"line":299,"column":66}},{"start":{"line":299,"column":66},"end":{"line":299,"column":68}}],"line":299},"42":{"loc":{"start":{"line":304,"column":4},"end":{"line":307,"column":null}},"type":"if","locations":[{"start":{"line":304,"column":4},"end":{"line":307,"column":null}},{"start":{},"end":{}}],"line":304},"43":{"loc":{"start":{"line":311,"column":15},"end":{"line":311,"column":null}},"type":"binary-expr","locations":[{"start":{"line":311,"column":15},"end":{"line":311,"column":26}},{"start":{"line":311,"column":26},"end":{"line":311,"column":null}}],"line":311},"44":{"loc":{"start":{"line":316,"column":17},"end":{"line":316,"column":null}},"type":"binary-expr","locations":[{"start":{"line":316,"column":17},"end":{"line":316,"column":31}},{"start":{"line":316,"column":31},"end":{"line":316,"column":null}}],"line":316},"45":{"loc":{"start":{"line":321,"column":4},"end":{"line":323,"column":null}},"type":"if","locations":[{"start":{"line":321,"column":4},"end":{"line":323,"column":null}},{"start":{},"end":{}}],"line":321},"46":{"loc":{"start":{"line":337,"column":26},"end":{"line":337,"column":null}},"type":"cond-expr","locations":[{"start":{"line":337,"column":63},"end":{"line":337,"column":75}},{"start":{"line":337,"column":75},"end":{"line":337,"column":null}}],"line":337},"47":{"loc":{"start":{"line":339,"column":88},"end":{"line":339,"column":116}},"type":"binary-expr","locations":[{"start":{"line":339,"column":88},"end":{"line":339,"column":107}},{"start":{"line":339,"column":107},"end":{"line":339,"column":116}}],"line":339},"48":{"loc":{"start":{"line":356,"column":4},"end":{"line":359,"column":null}},"type":"if","locations":[{"start":{"line":356,"column":4},"end":{"line":359,"column":null}},{"start":{},"end":{}}],"line":356},"49":{"loc":{"start":{"line":375,"column":4},"end":{"line":378,"column":null}},"type":"if","locations":[{"start":{"line":375,"column":4},"end":{"line":378,"column":null}},{"start":{},"end":{}}],"line":375}},"s":{"0":1,"1":1,"2":0,"3":0,"4":0,"5":0,"6":0,"7":0,"8":0,"9":0,"10":0,"11":0,"12":0,"13":0,"14":0,"15":0,"16":0,"17":0,"18":0,"19":0,"20":0,"21":0,"22":0,"23":0,"24":0,"25":0,"26":0,"27":0,"28":0,"29":0,"30":0,"31":0,"32":0,"33":0,"34":0,"35":0,"36":0,"37":0,"38":0,"39":0,"40":0,"41":0,"42":0,"43":0,"44":0,"45":0,"46":0,"47":0,"48":0,"49":0,"50":0,"51":0,"52":0,"53":0,"54":0,"55":0,"56":0,"57":0,"58":0,"59":0,"60":0,"61":0,"62":0,"63":0,"64":0,"65":0,"66":0,"67":0,"68":0,"69":0,"70":0,"71":0,"72":0,"73":0,"74":0,"75":0,"76":0,"77":0,"78":0,"79":0,"80":0,"81":0,"82":0,"83":0,"84":0,"85":0,"86":0,"87":0,"88":0,"89":0,"90":0,"91":0,"92":0,"93":0,"94":0,"95":0,"96":0,"97":0,"98":0,"99":0,"100":0,"101":0,"102":0,"103":0,"104":0,"105":0,"106":0,"107":0,"108":0,"109":0,"110":0,"111":0,"112":0,"113":0,"114":0,"115":0,"116":0,"117":0,"118":0,"119":0,"120":0,"121":0,"122":0,"123":0,"124":0,"125":0,"126":0,"127":0,"128":0,"129":0,"130":0,"131":0,"132":0,"133":0,"134":0,"135":0,"136":0,"137":0,"138":0,"139":0,"140":0,"141":0,"142":0,"143":0,"144":0,"145":0,"146":0,"147":0,"148":0,"149":0,"150":0,"151":0,"152":0,"153":0,"154":0,"155":0,"156":0,"157":0,"158":0,"159":0,"160":0,"161":0,"162":0,"163":0,"164":0,"165":0,"166":0,"167":0,"168":0},"f":{"0":0,"1":0,"2":0,"3":0,"4":0,"5":0,"6":0,"7":0,"8":0,"9":0,"10":0,"11":0,"12":0,"13":0,"14":0,"15":0,"16":0,"17":0,"18":0,"19":0,"20":0,"21":0,"22":0,"23":0,"24":0,"25":0,"26":0,"27":0,"28":0},"b":{"0":[0,0],"1":[0,0],"2":[0,0],"3":[0,0],"4":[0,0],"5":[0,0],"6":[0,0],"7":[0,0],"8":[0,0],"9":[0,0],"10":[0,0],"11":[0,0],"12":[0,0],"13":[0,0],"14":[0,0],"15":[0,0],"16":[0,0],"17":[0,0],"18":[0,0],"19":[0,0],"20":[0,0],"21":[0,0],"22":[0,0],"23":[0,0],"24":[0,0],"25":[0,0],"26":[0,0],"27":[0,0],"28":[0,0],"29":[0,0],"30":[0,0],"31":[0,0],"32":[0,0],"33":[0,0],"34":[0,0],"35":[0,0],"36":[0,0],"37":[0,0],"38":[0,0],"39":[0,0],"40":[0,0],"41":[0,0],"42":[0,0],"43":[0,0],"44":[0,0],"45":[0,0],"46":[0,0],"47":[0,0],"48":[0,0],"49":[0,0]},"meta":{"lastBranch":50,"lastFunction":29,"lastStatement":169,"seen":{"s:1:0:1:Infinity":0,"s:12:24:12:Infinity":1,"f:14:15:14:68":0,"s:15:2:30:Infinity":2,"s:16:17:16:Infinity":3,"s:17:19:17:Infinity":4,"b:18:4:21:Infinity:undefined:undefined:undefined:undefined":0,"s:18:4:21:Infinity":5,"s:19:8:19:Infinity":6,"s:20:8:20:Infinity":7,"s:22:4:22:Infinity":8,"s:24:16:24:Infinity":9,"b:24:41:24:49:24:49:24:Infinity":1,"b:25:4:27:Infinity:undefined:undefined:undefined:undefined":2,"s:25:4:27:Infinity":10,"s:26:6:26:Infinity":11,"s:28:4:28:Infinity":12,"s:29:4:29:Infinity":13,"f:33:15:33:60":1,"b:34:2:57:Infinity:undefined:undefined:undefined:undefined":3,"s:34:2:57:Infinity":14,"b:34:6:34:27:34:32:34:42":4,"s:35:4:56:Infinity":15,"s:36:30:39:Infinity":16,"b:41:6:41:Infinity:undefined:undefined:undefined:undefined":5,"s:41:6:41:Infinity":17,"s:41:17:41:Infinity":18,"s:43:6:52:Infinity":19,"b:43:14:43:22:43:22:43:24":6,"f:43:26:43:31":2,"s:43:40:52:8":20,"s:54:6:54:Infinity":21,"s:55:6:55:Infinity":22,"s:58:2:58:Infinity":23,"f:61:22:61:41":3,"s:62:20:62:Infinity":24,"s:63:27:65:Infinity":25,"f:63:35:63:42":4,"s:64:8:64:Infinity":26,"b:64:8:64:42:64:42:64:Infinity":7,"b:64:52:64:80:64:80:64:Infinity":8,"b:67:4:69:Infinity:undefined:undefined:undefined:undefined":9,"s:67:4:69:Infinity":27,"s:68:8:68:Infinity":28,"s:71:81:71:Infinity":29,"s:73:4:83:Infinity":30,"s:74:6:82:Infinity":31,"b:75:10:77:Infinity:undefined:undefined:undefined:undefined":10,"s:75:10:77:Infinity":32,"s:76:14:76:Infinity":33,"s:78:10:78:Infinity":34,"b:79:10:81:Infinity:undefined:undefined:undefined:undefined":11,"s:79:10:81:Infinity":35,"s:80:14:80:Infinity":36,"s:85:54:85:Infinity":37,"s:86:4:89:Infinity":38,"s:87:35:87:Infinity":39,"s:88:8:88:Infinity":40,"b:88:47:88:65:88:65:88:Infinity":12,"s:91:4:91:Infinity":41,"f:94:15:94:30":5,"s:95:36:104:Infinity":42,"s:106:2:112:Infinity":43,"s:107:20:107:Infinity":44,"s:108:4:108:Infinity":45,"s:109:4:109:Infinity":46,"s:111:4:111:Infinity":47,"f:115:15:115:24":6,"b:116:2:132:Infinity:undefined:undefined:undefined:undefined":13,"s:116:2:132:Infinity":48,"b:116:6:116:27:116:32:116:42":14,"s:117:4:131:Infinity":49,"s:118:24:126:Infinity":50,"b:127:6:127:Infinity:undefined:undefined:undefined:undefined":15,"s:127:6:127:Infinity":51,"s:127:17:127:Infinity":52,"s:128:6:128:Infinity":53,"s:130:6:130:Infinity":54,"s:133:2:133:Infinity":55,"f:136:15:136:42":7,"s:137:2:206:Infinity":56,"s:138:20:138:Infinity":57,"b:139:4:139:Infinity:undefined:undefined:undefined:undefined":16,"s:139:4:139:Infinity":58,"s:139:30:139:Infinity":59,"s:142:39:142:Infinity":60,"b:143:4:155:Infinity:undefined:undefined:undefined:undefined":17,"s:143:4:155:Infinity":61,"s:144:29:146:Infinity":62,"f:145:9:145:16":8,"s:145:25:145:54":63,"s:148:6:154:Infinity":64,"f:148:21:148:29":9,"b:149:8:153:Infinity:undefined:undefined:undefined:undefined":18,"s:149:8:153:Infinity":65,"s:150:10:152:Infinity":66,"f:150:35:150:44":10,"s:151:12:151:Infinity":67,"s:158:28:158:Infinity":68,"s:160:4:168:Infinity":69,"b:161:6:167:Infinity:undefined:undefined:undefined:undefined":19,"s:161:6:167:Infinity":70,"s:162:8:166:Infinity":71,"b:163:10:165:Infinity:undefined:undefined:undefined:undefined":20,"s:163:10:165:Infinity":72,"b:163:14:163:56:163:56:163:90":21,"s:164:12:164:Infinity":73,"s:170:29:170:Infinity":74,"b:172:4:184:Infinity:undefined:undefined:undefined:undefined":22,"s:172:4:184:Infinity":75,"s:174:6:182:Infinity":76,"b:175:8:181:Infinity:undefined:undefined:undefined:undefined":23,"s:175:8:181:Infinity":77,"s:176:10:180:Infinity":78,"b:177:12:179:Infinity:undefined:undefined:undefined:undefined":24,"s:177:12:179:Infinity":79,"s:178:14:178:Infinity":80,"s:183:6:183:Infinity":81,"b:186:4:186:Infinity:undefined:undefined:undefined:undefined":25,"s:186:4:186:Infinity":82,"s:186:41:186:Infinity":83,"s:189:21:189:Infinity":84,"f:189:40:189:51":11,"s:189:51:189:70":85,"s:190:21:190:Infinity":86,"s:192:4:192:Infinity":87,"s:194:4:202:Infinity":88,"f:195:30:195:35":12,"s:195:42:201:8":89,"b:200:18:200:32:200:32:200:Infinity":26,"s:204:4:204:Infinity":90,"s:205:4:205:Infinity":91,"f:209:15:209:34":13,"b:211:2:281:Infinity:undefined:undefined:undefined:undefined":27,"s:211:2:281:Infinity":92,"b:211:6:211:27:211:32:211:42":28,"s:212:4:280:Infinity":93,"s:213:18:216:Infinity":94,"b:218:6:220:Infinity:undefined:undefined:undefined:undefined":29,"s:218:6:220:Infinity":95,"s:219:8:219:Infinity":96,"s:223:44:223:Infinity":97,"b:225:6:225:Infinity:undefined:undefined:undefined:undefined":30,"s:225:6:225:Infinity":98,"s:225:17:225:Infinity":99,"b:226:6:277:Infinity:undefined:undefined:undefined:undefined":31,"s:226:6:277:Infinity":100,"b:226:10:226:26:226:26:226:51":32,"s:228:43:228:Infinity":101,"b:229:8:250:Infinity:undefined:undefined:undefined:undefined":33,"s:229:8:250:Infinity":102,"s:230:10:249:Infinity":103,"s:231:44:236:Infinity":104,"b:238:12:246:Infinity:undefined:undefined:undefined:undefined":34,"s:238:12:246:Infinity":105,"s:239:14:245:Infinity":106,"f:239:28:239:37":14,"b:240:16:244:Infinity:undefined:undefined:undefined:undefined":35,"s:240:16:244:Infinity":107,"s:241:18:243:Infinity":108,"f:241:48:241:57":15,"s:242:20:242:Infinity":109,"s:248:12:248:Infinity":110,"s:253:33:253:Infinity":111,"f:253:46:253:54":16,"s:253:60:253:98":112,"b:256:8:258:Infinity:undefined:undefined:undefined:undefined":36,"s:256:8:258:Infinity":113,"s:257:10:257:Infinity":114,"s:261:25:261:Infinity":115,"f:261:44:261:55":17,"s:261:55:261:74":116,"s:262:25:262:Infinity":117,"b:264:8:266:Infinity:undefined:undefined:undefined:undefined":37,"s:264:8:266:Infinity":118,"s:265:10:265:Infinity":119,"s:268:8:276:Infinity":120,"f:269:34:269:39":18,"s:269:46:275:12":121,"b:274:22:274:37:274:37:274:Infinity":38,"s:279:6:279:Infinity":122,"s:284:2:284:Infinity":123,"s:285:2:285:Infinity":124,"f:288:15:288:30":19,"b:289:2:289:Infinity:undefined:undefined:undefined:undefined":39,"s:289:2:289:Infinity":125,"b:289:6:289:28:289:33:289:44":40,"s:289:44:289:Infinity":126,"s:291:2:326:Infinity":127,"s:293:30:293:Infinity":128,"f:293:40:293:44":20,"s:293:49:293:59":129,"s:294:31:297:Infinity":130,"s:299:24:299:Infinity":131,"b:299:32:299:66:299:66:299:68":41,"f:299:42:299:46":21,"s:299:51:299:61":132,"s:302:25:302:Infinity":133,"f:302:35:302:42":22,"s:302:47:302:75":134,"b:304:4:307:Infinity:undefined:undefined:undefined:undefined":42,"s:304:4:307:Infinity":135,"s:305:6:305:Infinity":136,"s:306:6:306:Infinity":137,"s:309:17:317:Infinity":138,"f:309:30:309:34":23,"s:309:40:317:6":139,"b:311:15:311:26:311:26:311:Infinity":43,"b:316:17:316:31:316:31:316:Infinity":44,"s:319:4:319:Infinity":140,"s:320:22:320:Infinity":141,"b:321:4:323:Infinity:undefined:undefined:undefined:undefined":45,"s:321:4:323:Infinity":142,"s:322:6:322:Infinity":143,"s:325:4:325:Infinity":144,"f:329:22:329:35":24,"s:330:25:335:Infinity":145,"s:337:26:337:Infinity":146,"b:337:63:337:75:337:75:337:Infinity":46,"s:339:2:339:Infinity":147,"b:339:88:339:107:339:107:339:116":47,"s:342:2:383:Infinity":148,"s:343:28:343:Infinity":149,"s:345:20:351:Infinity":150,"s:353:23:353:Infinity":151,"b:356:4:359:Infinity:undefined:undefined:undefined:undefined":48,"s:356:4:359:Infinity":152,"s:357:6:358:Infinity":153,"f:358:9:358:15":25,"s:358:22:358:73":154,"s:361:4:361:Infinity":155,"s:362:4:362:Infinity":156,"s:365:4:365:Infinity":157,"s:368:19:373:Infinity":158,"b:375:4:378:Infinity:undefined:undefined:undefined:undefined":49,"s:375:4:378:Infinity":159,"s:376:6:376:Infinity":160,"s:377:6:377:Infinity":161,"s:381:4:381:Infinity":162,"s:382:4:382:Infinity":163,"f:386:22:386:38":26,"s:387:27:401:Infinity":164,"s:402:4:402:Infinity":165,"f:405:22:405:41":27,"s:406:21:406:Infinity":166,"s:407:2:407:Infinity":167,"f:407:20:407:27":28,"s:407:36:407:65":168},"fnNames":{}}}
,"/home/pxtkhw/projetos/MestreMiudo/src/app/actions/rewards.ts": {"path":"/home/pxtkhw/projetos/MestreMiudo/src/app/actions/rewards.ts","statementMap":{"0":{"start":{"line":1,"column":0},"end":{"line":1,"column":null}},"1":{"start":{"line":19,"column":17},"end":{"line":19,"column":null}},"2":{"start":{"line":21,"column":2},"end":{"line":21,"column":null}},"3":{"start":{"line":23,"column":2},"end":{"line":26,"column":null}},"4":{"start":{"line":24,"column":4},"end":{"line":24,"column":null}},"5":{"start":{"line":25,"column":4},"end":{"line":25,"column":null}},"6":{"start":{"line":28,"column":2},"end":{"line":81,"column":null}},"7":{"start":{"line":30,"column":31},"end":{"line":34,"column":null}},"8":{"start":{"line":36,"column":4},"end":{"line":61,"column":null}},"9":{"start":{"line":38,"column":6},"end":{"line":45,"column":null}},"10":{"start":{"line":48,"column":25},"end":{"line":48,"column":null}},"11":{"start":{"line":49,"column":12},"end":{"line":49,"column":null}},"12":{"start":{"line":50,"column":22},"end":{"line":50,"column":null}},"13":{"start":{"line":52,"column":6},"end":{"line":60,"column":null}},"14":{"start":{"line":63,"column":17},"end":{"line":63,"column":null}},"15":{"start":{"line":64,"column":25},"end":{"line":64,"column":null}},"16":{"start":{"line":66,"column":4},"end":{"line":73,"column":null}},"17":{"start":{"line":75,"column":4},"end":{"line":75,"column":null}},"18":{"start":{"line":76,"column":4},"end":{"line":80,"column":null}},"19":{"start":{"line":85,"column":2},"end":{"line":87,"column":null}},"20":{"start":{"line":86,"column":4},"end":{"line":86,"column":null}},"21":{"start":{"line":89,"column":2},"end":{"line":109,"column":null}},"22":{"start":{"line":90,"column":21},"end":{"line":94,"column":null}},"23":{"start":{"line":96,"column":4},"end":{"line":106,"column":null}},"24":{"start":{"line":97,"column":19},"end":{"line":97,"column":null}},"25":{"start":{"line":98,"column":27},"end":{"line":98,"column":null}},"26":{"start":{"line":100,"column":6},"end":{"line":105,"column":null}},"27":{"start":{"line":108,"column":4},"end":{"line":108,"column":null}},"28":{"start":{"line":111,"column":2},"end":{"line":111,"column":null}},"29":{"start":{"line":118,"column":2},"end":{"line":160,"column":null}},"30":{"start":{"line":119,"column":4},"end":{"line":121,"column":null}},"31":{"start":{"line":120,"column":6},"end":{"line":120,"column":null}},"32":{"start":{"line":124,"column":56},"end":{"line":128,"column":null}},"33":{"start":{"line":130,"column":4},"end":{"line":130,"column":null}},"34":{"start":{"line":130,"column":54},"end":{"line":130,"column":null}},"35":{"start":{"line":132,"column":4},"end":{"line":154,"column":null}},"36":{"start":{"line":134,"column":37},"end":{"line":140,"column":null}},"37":{"start":{"line":142,"column":6},"end":{"line":142,"column":null}},"38":{"start":{"line":142,"column":23},"end":{"line":142,"column":null}},"39":{"start":{"line":145,"column":37},"end":{"line":151,"column":null}},"40":{"start":{"line":153,"column":6},"end":{"line":153,"column":null}},"41":{"start":{"line":153,"column":23},"end":{"line":153,"column":null}},"42":{"start":{"line":156,"column":4},"end":{"line":156,"column":null}},"43":{"start":{"line":158,"column":4},"end":{"line":158,"column":null}},"44":{"start":{"line":159,"column":4},"end":{"line":159,"column":null}},"45":{"start":{"line":164,"column":2},"end":{"line":180,"column":null}},"46":{"start":{"line":165,"column":4},"end":{"line":167,"column":null}},"47":{"start":{"line":166,"column":6},"end":{"line":166,"column":null}},"48":{"start":{"line":169,"column":28},"end":{"line":173,"column":null}},"49":{"start":{"line":175,"column":4},"end":{"line":175,"column":null}},"50":{"start":{"line":175,"column":44},"end":{"line":175,"column":null}},"51":{"start":{"line":176,"column":4},"end":{"line":176,"column":null}},"52":{"start":{"line":178,"column":4},"end":{"line":178,"column":null}},"53":{"start":{"line":179,"column":4},"end":{"line":179,"column":null}},"54":{"start":{"line":184,"column":2},"end":{"line":186,"column":null}},"55":{"start":{"line":185,"column":4},"end":{"line":185,"column":null}},"56":{"start":{"line":188,"column":2},"end":{"line":216,"column":null}},"57":{"start":{"line":189,"column":26},"end":{"line":189,"column":null}},"58":{"start":{"line":191,"column":31},"end":{"line":195,"column":null}},"59":{"start":{"line":197,"column":4},"end":{"line":199,"column":null}},"60":{"start":{"line":198,"column":6},"end":{"line":198,"column":null}},"61":{"start":{"line":201,"column":22},"end":{"line":208,"column":null}},"62":{"start":{"line":210,"column":4},"end":{"line":210,"column":null}},"63":{"start":{"line":210,"column":15},"end":{"line":210,"column":null}},"64":{"start":{"line":212,"column":4},"end":{"line":212,"column":null}},"65":{"start":{"line":214,"column":4},"end":{"line":214,"column":null}},"66":{"start":{"line":215,"column":4},"end":{"line":215,"column":null}}},"fnMap":{"0":{"name":"awardQuizPoints","decl":{"start":{"line":13,"column":22},"end":{"line":13,"column":null}},"loc":{"start":{"line":18,"column":2},"end":{"line":82,"column":null}},"line":18},"1":{"name":"getStudentRewards","decl":{"start":{"line":84,"column":22},"end":{"line":84,"column":40}},"loc":{"start":{"line":84,"column":59},"end":{"line":112,"column":null}},"line":84},"2":{"name":"updateStudentRewardsWithCoinsAction","decl":{"start":{"line":114,"column":22},"end":{"line":114,"column":null}},"loc":{"start":{"line":117,"column":2},"end":{"line":161,"column":null}},"line":117},"3":{"name":"getStudentLessonHistoryAction","decl":{"start":{"line":163,"column":22},"end":{"line":163,"column":52}},"loc":{"start":{"line":163,"column":71},"end":{"line":181,"column":null}},"line":163},"4":{"name":"initializeStudent","decl":{"start":{"line":183,"column":22},"end":{"line":183,"column":40}},"loc":{"start":{"line":183,"column":113},"end":{"line":217,"column":null}},"line":183}},"branchMap":{"0":{"loc":{"start":{"line":23,"column":2},"end":{"line":26,"column":null}},"type":"if","locations":[{"start":{"line":23,"column":2},"end":{"line":26,"column":null}},{"start":{},"end":{}}],"line":23},"1":{"loc":{"start":{"line":23,"column":6},"end":{"line":23,"column":44}},"type":"binary-expr","locations":[{"start":{"line":23,"column":6},"end":{"line":23,"column":28}},{"start":{"line":23,"column":33},"end":{"line":23,"column":44}}],"line":23},"2":{"loc":{"start":{"line":36,"column":4},"end":{"line":61,"column":null}},"type":"if","locations":[{"start":{"line":36,"column":4},"end":{"line":61,"column":null}},{"start":{"line":46,"column":11},"end":{"line":61,"column":null}}],"line":36},"3":{"loc":{"start":{"line":48,"column":39},"end":{"line":48,"column":63}},"type":"binary-expr","locations":[{"start":{"line":48,"column":39},"end":{"line":48,"column":62}},{"start":{"line":48,"column":62},"end":{"line":48,"column":63}}],"line":48},"4":{"loc":{"start":{"line":49,"column":24},"end":{"line":49,"column":54}},"type":"binary-expr","locations":[{"start":{"line":49,"column":24},"end":{"line":49,"column":49}},{"start":{"line":49,"column":49},"end":{"line":49,"column":54}}],"line":49},"5":{"loc":{"start":{"line":68,"column":20},"end":{"line":68,"column":51}},"type":"binary-expr","locations":[{"start":{"line":68,"column":20},"end":{"line":68,"column":46}},{"start":{"line":68,"column":46},"end":{"line":68,"column":51}}],"line":68},"6":{"loc":{"start":{"line":85,"column":2},"end":{"line":87,"column":null}},"type":"if","locations":[{"start":{"line":85,"column":2},"end":{"line":87,"column":null}},{"start":{},"end":{}}],"line":85},"7":{"loc":{"start":{"line":85,"column":6},"end":{"line":85,"column":44}},"type":"binary-expr","locations":[{"start":{"line":85,"column":6},"end":{"line":85,"column":28}},{"start":{"line":85,"column":33},"end":{"line":85,"column":44}}],"line":85},"8":{"loc":{"start":{"line":96,"column":4},"end":{"line":106,"column":null}},"type":"if","locations":[{"start":{"line":96,"column":4},"end":{"line":106,"column":null}},{"start":{},"end":{}}],"line":96},"9":{"loc":{"start":{"line":97,"column":34},"end":{"line":97,"column":56}},"type":"binary-expr","locations":[{"start":{"line":97,"column":34},"end":{"line":97,"column":55}},{"start":{"line":97,"column":55},"end":{"line":97,"column":56}}],"line":97},"10":{"loc":{"start":{"line":98,"column":47},"end":{"line":98,"column":69}},"type":"binary-expr","locations":[{"start":{"line":98,"column":47},"end":{"line"
[...]
:{"line":144,"column":null}},"51":{"start":{"line":147,"column":2},"end":{"line":166,"column":null}},"52":{"start":{"line":148,"column":28},"end":{"line":151,"column":null}},"53":{"start":{"line":153,"column":4},"end":{"line":155,"column":null}},"54":{"start":{"line":154,"column":6},"end":{"line":154,"column":null}},"55":{"start":{"line":157,"column":16},"end":{"line":157,"column":null}},"56":{"start":{"line":158,"column":21},"end":{"line":158,"column":null}},"57":{"start":{"line":158,"column":39},"end":{"line":158,"column":55}},"58":{"start":{"line":159,"column":21},"end":{"line":159,"column":null}},"59":{"start":{"line":159,"column":39},"end":{"line":159,"column":72}},"60":{"start":{"line":160,"column":16},"end":{"line":160,"column":null}},"61":{"start":{"line":160,"column":34},"end":{"line":160,"column":54}},"62":{"start":{"line":162,"column":4},"end":{"line":162,"column":null}},"63":{"start":{"line":164,"column":4},"end":{"line":164,"column":null}},"64":{"start":{"line":165,"column":4},"end":{"line":165,"column":null}}},"fnMap":{"0":{"name":"getItemsForReview","decl":{"start":{"line":22,"column":22},"end":{"line":22,"column":null}},"loc":{"start":{"line":25,"column":35},"end":{"line":46,"column":null}},"line":25},"1":{"name":"recordReview","decl":{"start":{"line":48,"column":22},"end":{"line":48,"column":null}},"loc":{"start":{"line":52,"column":20},"end":{"line":107,"column":null}},"line":52},"2":{"name":"addToSpacedRepetition","decl":{"start":{"line":109,"column":22},"end":{"line":109,"column":null}},"loc":{"start":{"line":112,"column":20},"end":{"line":140,"column":null}},"line":112},"3":{"name":"(anonymous_3)","decl":{"start":{"line":118,"column":27},"end":{"line":118,"column":31}},"loc":{"start":{"line":118,"column":37},"end":{"line":128,"column":6}},"line":118},"4":{"name":"getStudentStats","decl":{"start":{"line":142,"column":22},"end":{"line":142,"column":38}},"loc":{"start":{"line":142,"column":57},"end":{"line":167,"column":null}},"line":142},"5":{"name":"(anonymous_5)","decl":{"start":{"line":158,"column":27},"end":{"line":158,"column":34}},"loc":{"start":{"line":158,"column":39},"end":{"line":158,"column":55}},"line":158},"6":{"name":"(anonymous_6)","decl":{"start":{"line":159,"column":27},"end":{"line":159,"column":34}},"loc":{"start":{"line":159,"column":39},"end":{"line":159,"column":72}},"line":159},"7":{"name":"(anonymous_7)","decl":{"start":{"line":160,"column":22},"end":{"line":160,"column":29}},"loc":{"start":{"line":160,"column":34},"end":{"line":160,"column":54}},"line":160}},"branchMap":{"0":{"loc":{"start":{"line":24,"column":2},"end":{"line":24,"column":null}},"type":"default-arg","locations":[{"start":{"line":24,"column":18},"end":{"line":24,"column":null}}],"line":24},"1":{"loc":{"start":{"line":26,"column":2},"end":{"line":28,"column":null}},"type":"if","locations":[{"start":{"line":26,"column":2},"end":{"line":28,"column":null}},{"start":{},"end":{}}],"line":26},"2":{"loc":{"start":{"line":26,"column":6},"end":{"line":26,"column":44}},"type":"binary-expr","locations":[{"start":{"line":26,"column":6},"end":{"line":26,"column":28}},{"start":{"line":26,"column":33},"end":{"line":26,"column":44}}],"line":26},"3":{"loc":{"start":{"line":40,"column":4},"end":{"line":40,"column":null}},"type":"if","locations":[{"start":{"line":40,"column":4},"end":{"line":40,"column":null}},{"start":{},"end":{}}],"line":40},"4":{"loc":{"start":{"line":41,"column":11},"end":{"line":41,"column":null}},"type":"binary-expr","locations":[{"start":{"line":41,"column":11},"end":{"line":41,"column":19}},{"start":{"line":41,"column":19},"end":{"line":41,"column":null}}],"line":41},"5":{"loc":{"start":{"line":53,"column":2},"end":{"line":55,"column":null}},"type":"if","locations":[{"start":{"line":53,"column":2},"end":{"line":55,"column":null}},{"start":{},"end":{}}],"line":53},"6":{"loc":{"start":{"line":53,"column":6},"end":{"line":53,"column":44}},"type":"binary-expr","locations":[{"start":{"line":53,"column":6},"end":{"line":53,"column":28}},{"start":{"line":53,"column":33},"end":{"line":53,"column":44}}],"line":53},"7":{"loc":{"start":{"line":64,"column":4},"end":{"line":64,"column":null}},"type":"if","locations":[{"start":{"line":64,"column":4},"end":{"line":64,"column":null}},{"start":{},"end":{}}],"line":64},"8":{"loc":{"start":{"line":68,"column":4},"end":{"line":80,"column":null}},"type":"if","locations":[{"start":{"line":68,"column":4},"end":{"line":80,"column":null}},{"start":{"line":77,"column":11},"end":{"line":80,"column":null}}],"line":68},"9":{"loc":{"start":{"line":69,"column":6},"end":{"line":75,"column":null}},"type":"if","locations":[{"start":{"line":69,"column":6},"end":{"line":75,"column":null}},{"start":{"line":71,"column":13},"end":{"line":75,"column":null}}],"line":69},"10":{"loc":{"start":{"line":71,"column":13},"end":{"line":75,"column":null}},"type":"if","locations":[{"start":{"line":71,"column":13},"end":{"line":75,"column":null}},{"start":{"line":73,"column":13},"end":{"line":75,"column":null}}],"line":71},"11":{"loc":{"start":{"line":101,"column":4},"end":{"line":101,"column":null}},"type":"if","locations":[{"start":{"line":101,"column":4},"end":{"line":101,"column":null}},{"start":{},"end":{}}],"line":101},"12":{"loc":{"start":{"line":113,"column":2},"end":{"line":115,"column":null}},"type":"if","locations":[{"start":{"line":113,"column":2},"end":{"line":115,"column":null}},{"start":{},"end":{}}],"line":113},"13":{"loc":{"start":{"line":113,"column":6},"end":{"line":113,"column":44}},"type":"binary-expr","locations":[{"start":{"line":113,"column":6},"end":{"line":113,"column":28}},{"start":{"line":113,"column":33},"end":{"line":113,"column":44}}],"line":113},"14":{"loc":{"start":{"line":134,"column":4},"end":{"line":134,"column":null}},"type":"if","locations":[{"start":{"line":134,"column":4},"end":{"line":134,"column":null}},{"start":{},"end":{}}],"line":134},"15":{"loc":{"start":{"line":143,"column":2},"end":{"line":145,"column":null}},"type":"if","locations":[{"start":{"line":143,"column":2},"end":{"line":145,"column":null}},{"start":{},"end":{}}],"line":143},"16":{"loc":{"start":{"line":143,"column":6},"end":{"line":143,"column":44}},"type":"binary-expr","locations":[{"start":{"line":143,"column":6},"end":{"line":143,"column":28}},{"start":{"line":143,"column":33},"end":{"line":143,"column":44}}],"line":143},"17":{"loc":{"start":{"line":153,"column":4},"end":{"line":155,"column":null}},"type":"if","locations":[{"start":{"line":153,"column":4},"end":{"line":155,"column":null}},{"start":{},"end":{}}],"line":153},"18":{"loc":{"start":{"line":153,"column":8},"end":{"line":153,"column":38}},"type":"binary-expr","locations":[{"start":{"line":153,"column":8},"end":{"line":153,"column":18}},{"start":{"line":153,"column":18},"end":{"line":153,"column":38}}],"line":153},"19":{"loc":{"start":{"line":159,"column":39},"end":{"line":159,"column":72}},"type":"binary-expr","locations":[{"start":{"line":159,"column":39},"end":{"line":159,"column":57}},{"start":{"line":159,"column":57},"end":{"line":159,"column":72}}],"line":159}},"s":{"0":1,"1":1,"2":1,"3":0,"4":0,"5":0,"6":0,"7":0,"8":0,"9":0,"10":0,"11":0,"12":0,"13":0,"14":0,"15":0,"16":0,"17":0,"18":0,"19":0,"20":0,"21":0,"22":0,"23":0,"24":0,"25":0,"26":0,"27":0,"28":0,"29":0,"30":0,"31":0,"32":0,"33":0,"34":0,"35":0,"36":0,"37":0,"38":0,"39":0,"40":0,"41":0,"42":0,"43":0,"44":0,"45":0,"46":0,"47":0,"48":0,"49":0,"50":0,"51":0,"52":0,"53":0,"54":0,"55":0,"56":0,"57":0,"58":0,"59":0,"60":0,"61":0,"62":0,"63":0,"64":0},"f":{"0":0,"1":0,"2":0,"3":0,"4":0,"5":0,"6":0,"7":0},"b":{"0":[0],"1":[0,0],"2":[0,0],"3":[0,0],"4":[0,0],"5":[0,0],"6":[0,0],"7":[0,0],"8":[0,0],"9":[0,0],"10":[0,0],"11":[0,0],"12":[0,0],"13":[0,0],"14":[0,0],"15":[0,0],"16":[0,0],"17":[0,0],"18":[0,0],"19":[0,0]},"meta":{"lastBranch":20,"lastFunction":8,"lastStatement":65,"seen":{"s:1:0:1:Infinity":0,"s:19:28:19:Infinity":1,"s:20:24:20:Infinity":2,"f:22:22:22:Infinity":0,"b:24:18:24:Infinity":0,"b:26:2:28:Infinity:undefined:undefined:undefined:undefined":1,"s:26:2:28:Infinity":3,"b:26:6:26:28:26:33:26:44":2,"s:27:4:27:Infinity":4,"s:30:2:45:Infinity":5,"s:31:16:31:Infinity":6,"s:32:28:38:Infinity":7,"b:40:4:40:Infinity:undefined:undefined:undefined:undefined":3,"s:40:4:40:Infinity":8,"s:40:15:40:Infinity":9,"s:41:4:41:Infinity":10,"b:41:11:41:19:41:19:41:Infinity":4,"s:43:4:43:Infinity":11,"s:44:4:44:Infinity":12,"f:48:22:48:Infinity":1,"b:53:2:55:Infinity:undefined:undefined:undefined:undefined":5,"s:53:2:55:Infinity":13,"b:53:6:53:28:53:33:53:44":6,"s:54:4:54:Infinity":14,"s:57:2:106:Infinity":15,"s:58:27:62:Infinity":16,"b:64:4:64:Infinity:undefined:undefined:undefined:undefined":7,"s:64:4:64:Infinity":17,"s:64:15:64:Infinity":18,"s:66:48:66:Infinity":19,"b:68:4:80:Infinity:77:11:80:Infinity":8,"s:68:4:80:Infinity":20,"b:69:6:75:Infinity:71:13:75:Infinity":9,"s:69:6:75:Infinity":21,"s:70:8:70:Infinity":22,"b:71:13:75:Infinity:73:13:75:Infinity":10,"s:71:13:75:Infinity":23,"s:72:8:72:Infinity":24,"s:74:8:74:Infinity":25,"s:76:6:76:Infinity":26,"s:78:6:78:Infinity":27,"s:79:6:79:Infinity":28,"s:82:4:85:Infinity":29,"s:87:23:87:Infinity":30,"s:88:4:88:Infinity":31,"s:90:22:99:Infinity":32,"b:101:4:101:Infinity:undefined:undefined:undefined:undefined":11,"s:101:4:101:Infinity":33,"s:101:15:101:Infinity":34,"s:102:4:102:Infinity":35,"s:104:4:104:Infinity":36,"s:105:4:105:Infinity":37,"f:109:22:109:Infinity":2,"b:113:2:115:Infinity:undefined:undefined:undefined:undefined":12,"s:113:2:115:Infinity":38,"b:113:6:113:28:113:33:113:44":13,"s:114:4:114:Infinity":39,"s:117:2:139:Infinity":40,"s:118:17:128:Infinity":41,"f:118:27:118:31":3,"s:118:37:128:6":42,"s:130:22:132:Infinity":43,"b:134:4:134:Infinity:undefined:undefined:undefined:undefined":14,"s:134:4:134:Infinity":44,"s:134:15:134:Infinity":45,"s:135:4:135:Infinity":46,"s:137:4:137:Infinity":47,"s:138:4:138:Infinity":48,"f:142:22:142:38":4,"b:143:2:145:Infinity:undefined:undefined:undefined:undefined":15,"s:143:2:145:Infinity":49,"b:143:6:143:28:143:33:143:44":16,"s:144:4:144:Infinity":50,"s:147:2:166:Infinity":51,"s:148:28:151:Infinity":52,"b:153:4:155:Infinity:undefined:undefined:undefined:undefined":17,"s:153:4:155:Infinity":53,"b:153:8:153:18:153:18:153:38":18,"s:154:6:154:Infinity":54,"s:157:16:157:Infinity":55,"s:158:21:158:Infinity":56,"f:158:27:158:34":5,"s:158:39:158:55":57,"s:159:21:159:Infinity":58,"f:159:27:159:34":6,"s:159:39:159:72":59,"b:159:39:159:57:159:57:159:72":19,"s:160:16:160:Infinity":60,"f:160:22:160:29":7,"s:160:34:160:54":61,"s:162:4:162:Infinity":62,"s:164:4:164:Infinity":63,"s:165:4:165:Infinity":64},"fnNames":{}}}
,"/home/pxtkhw/projetos/MestreMiudo/src/lib/supabase.ts": {"path":"/home/pxtkhw/projetos/MestreMiudo/src/lib/supabase.ts","statementMap":{"0":{"start":{"line":4,"column":20},"end":{"line":4,"column":null}},"1":{"start":{"line":5,"column":24},"end":{"line":5,"column":null}},"2":{"start":{"line":8,"column":2},"end":{"line":8,"column":null}},"3":{"start":{"line":8,"column":12},"end":{"line":8,"column":null}},"4":{"start":{"line":9,"column":2},"end":{"line":14,"column":null}},"5":{"start":{"line":10,"column":4},"end":{"line":10,"column":null}},"6":{"start":{"line":11,"column":4},"end":{"line":11,"column":null}},"7":{"start":{"line":13,"column":4},"end":{"line":13,"column":null}},"8":{"start":{"line":17,"column":21},"end":{"line":17,"column":null}},"9":{"start":{"line":19,"column":0},"end":{"line":24,"column":null}},"10":{"start":{"line":20,"column":2},"end":{"line":23,"column":null}},"11":{"start":{"line":26,"column":24},"end":{"line":28,"column":null}},"12":{"start":{"line":31,"column":2},"end":{"line":31,"column":null}}},"fnMap":{"0":{"name":"isValidUrl","decl":{"start":{"line":7,"column":9},"end":{"line":7,"column":20}},"loc":{"start":{"line":7,"column":54},"end":{"line":15,"column":null}},"line":7},"1":{"name":"isSupabaseConfigured","decl":{"start":{"line":30,"column":16},"end":{"line":30,"column":48}},"loc":{"start":{"line":30,"column":48},"end":{"line":32,"column":null}},"line":30}},"branchMap":{"0":{"loc":{"start":{"line":8,"column":2},"end":{"line":8,"column":null}},"type":"if","locations":[{"start":{"line":8,"column":2},"end":{"line":8,"column":null}},{"start":{},"end":{}}],"line":8},"1":{"loc":{"start":{"line":11,"column":11},"end":{"line":11,"column":null}},"type":"binary-expr","locations":[{"start":{"line":11,"column":11},"end":{"line":11,"column":40}},{"start":{"line":11,"column":40},"end":{"line":11,"column":null}}],"line":11},"2":{"loc":{"start":{"line":17,"column":21},"end":{"line":17,"column":null}},"type":"binary-expr","locations":[{"start":{"line":17,"column":21},"end":{"line":17,"column":48}},{"start":{"line":17,"column":48},"end":{"line":17,"column":null}}],"line":17},"3":{"loc":{"start":{"line":19,"column":0},"end":{"line":24,"column":null}},"type":"if","locations":[{"start":{"line":19,"column":0},"end":{"line":24,"column":null}},{"start":{},"end":{}}],"line":19},"4":{"loc":{"start":{"line":26,"column":24},"end":{"line":28,"column":null}},"type":"cond-expr","locations":[{"start":{"line":27,"column":4},"end":{"line":27,"column":null}},{"start":{"line":28,"column":4},"end":{"line":28,"column":null}}],"line":26}},"s":{"0":2,"1":2,"2":2,"3":2,"4":0,"5":0,"6":0,"7":0,"8":2,"9":2,"10":2,"11":2,"12":0},"f":{"0":2,"1":0},"b":{"0":[2,0],"1":[0,0],"2":[2,0],"3":[2,0],"4":[0,2]},"meta":{"lastBranch":5,"lastFunction":2,"lastStatement":13,"seen":{"s:4:20:4:Infinity":0,"s:5:24:5:Infinity":1,"f:7:9:7:20":0,"b:8:2:8:Infinity:undefined:undefined:undefined:undefined":0,"s:8:2:8:Infinity":2,"s:8:12:8:Infinity":3,"s:9:2:14:Infinity":4,"s:10:4:10:Infinity":5,"s:11:4:11:Infinity":6,"b:11:11:11:40:11:40:11:Infinity":1,"s:13:4:13:Infinity":7,"s:17:21:17:Infinity":8,"b:17:21:17:48:17:48:17:Infinity":2,"b:19:0:24:Infinity:undefined:undefined:undefined:undefined":3,"s:19:0:24:Infinity":9,"s:20:2:23:Infinity":10,"s:26:24:28:Infinity":11,"b:27:4:27:Infinity:28:4:28:Infinity":4,"f:30:16:30:48":1,"s:31:2:31:Infinity":12},"fnNames":{}}}
,"/home/pxtkhw/projetos/MestreMiudo/src/lib/utils.ts": {"path":"/home/pxtkhw/projetos/MestreMiudo/src/lib/utils.ts","statementMap":{"0":{"start":{"line":5,"column":2},"end":{"line":5,"column":null}}},"fnMap":{"0":{"name":"cn","decl":{"start":{"line":4,"column":16},"end":{"line":4,"column":19}},"loc":{"start":{"line":4,"column":44},"end":{"line":6,"column":null}},"line":4}},"branchMap":{},"s":{"0":15},"f":{"0":15},"b":{},"meta":{"lastBranch":0,"lastFunction":1,"lastStatement":1,"seen":{"f:4:16:4:19":0,"s:5:2:5:Infinity":0},"fnNames":{}}}
,"/home/pxtkhw/projetos/MestreMiudo/src/lib/lessons/progress.ts": {"path":"/home/pxtkhw/projetos/MestreMiudo/src/lib/lessons/progress.ts","statementMap":{"0":{"start":{"line":6,"column":2},"end":{"line":6,"column":null}},"1":{"start":{"line":6,"column":21},"end":{"line":6,"column":null}},"2":{"start":{"line":7,"column":2},"end":{"line":7,"column":null}},"3":{"start":{"line":7,"column":19},"end":{"line":7,"column":null}},"4":{"start":{"line":8,"column":2},"end":{"line":8,"column":null}},"5":{"start":{"line":8,"column":19},"end":{"line":8,"column":null}},"6":{"start":{"line":9,"column":2},"end":{"line":9,"column":null}},"7":{"start":{"line":13,"column":20},"end":{"line":18,"column":null}},"8":{"start":{"line":20,"column":16},"end":{"line":20,"column":null}},"9":{"start":{"line":21,"column":2},"end":{"line":21,"column":null}},"10":{"start":{"line":30,"column":2},"end":{"line":30,"column":null}},"11":{"start":{"line":30,"column":44},"end":{"line":30,"column":null}},"12":{"start":{"line":32,"column":16},"end":{"line":32,"column":null}},"13":{"start":{"line":33,"column":16},"end":{"line":33,"column":null}},"14":{"start":{"line":35,"column":2},"end":{"line":56,"column":null}},"15":{"start":{"line":36,"column":28},"end":{"line":49,"column":null}},"16":{"start":{"line":51,"column":4},"end":{"line":51,"column":null}},"17":{"start":{"line":51,"column":15},"end":{"line":51,"column":null}},"18":{"start":{"line":52,"column":4},"end":{"line":52,"column":null}},"19":{"start":{"line":54,"column":4},"end":{"line":54,"column":null}},"20":{"start":{"line":55,"column":4},"end":{"line":55,"column":null}}},"fnMap":{"0":{"name":"calculateStars","decl":{"start":{"line":5,"column":16},"end":{"line":5,"column":31}},"loc":{"start":{"line":5,"column":54},"end":{"line":10,"column":null}},"line":5},"1":{"name":"calculateCoins","decl":{"start":{"line":12,"column":16},"end":{"line":12,"column":31}},"loc":{"start":{"line":12,"column":85},"end":{"line":22,"column":null}},"line":12},"2":{"name":"saveLessonCompletion","decl":{"start":{"line":24,"column":22},"end":{"line":24,"column":null}},"loc":{"start":{"line":29,"column":36},"end":{"line":57,"column":null}},"line":29}},"branchMap":{"0":{"loc":{"start":{"line":6,"column":2},"end":{"line":6,"column":null}},"type":"if","locations":[{"start":{"line":6,"column":2},"end":{"line":6,"column":null}},{"start":{},"end":{}}],"line":6},"1":{"loc":{"start":{"line":7,"column":2},"end":{"line":7,"column":null}},"type":"if","locations":[{"start":{"line":7,"column":2},"end":{"line":7,"column":null}},{"start":{},"end":{}}],"line":7},"2":{"loc":{"start":{"line":8,"column":2},"end":{"line":8,"column":null}},"type":"if","locations":[{"start":{"line":8,"column":2},"end":{"line":8,"column":null}},{"start":{},"end":{}}],"line":8},"3":{"loc":{"start":{"line":12,"column":46},"end":{"line":12,"column":85}},"type":"default-arg","locations":[{"start":{"line":12,"column":70},"end":{"line":12,"column":85}}],"line":12},"4":{"loc":{"start":{"line":20,"column":16},"end":{"line":20,"column":null}},"type":"binary-expr","locations":[{"start":{"line":20,"column":16},"end":{"line":20,"column":62}},{"start":{"line":20,"column":62},"end":{"line":20,"column":null}}],"line":20},"5":{"loc":{"start":{"line":21,"column":9},"end":{"line":21,"column":null}},"type":"cond-expr","locations":[{"start":{"line":21,"column":24},"end":{"line":21,"column":37}},{"start":{"line":21,"column":37},"end":{"line":21,"column":null}}],"line":21},"6":{"loc":{"start":{"line":30,"column":2},"end":{"line":30,"column":null}},"type":"if","locations":[{"start":{"line":30,"column":2},"end":{"line":30,"column":null}},{"start":{},"end":{}}],"line":30},"7":{"loc":{"start":{"line":30,"column":6},"end":{"line":30,"column":44}},"type":"binary-expr","locations":[{"start":{"line":30,"column":6},"end":{"line":30,"column":28}},{"start":{"line":30,"column":33},"end":{"line":30,"column":44}}],"line":30},"8":{"loc":{"start":{"line":51,"column":4},"end":{"line":51,"column":null}},"type":"if","locations":[{"start":{"line":51,"column":4},"end":{"line":51,"column":null}},{"start":{},"end":{}}],"line":51}},"s":{"0":10,"1":1,"2":9,"3":3,"4":6,"5":3,"6":3,"7":10,"8":10,"9":10,"10":0,"11":0,"12":0,"13":0,"14":0,"15":0,"16":0,"17":0,"18":0,"19":0,"20":0},"f":{"0":10,"1":10,"2":0},"b":{"0":[1,9],"1":[3,6],"2":[3,3],"3":[10],"4":[10,4],"5":[4,6],"6":[0,0],"7":[0,0],"8":[0,0]},"meta":{"lastBranch":9,"lastFunction":3,"lastStatement":21,"seen":{"f:5:16:5:31":0,"b:6:2:6:Infinity:undefined:undefined:undefined:undefined":0,"s:6:2:6:Infinity":0,"s:6:21:6:Infinity":1,"b:7:2:7:Infinity:undefined:undefined:undefined:undefined":1,"s:7:2:7:Infinity":2,"s:7:19:7:Infinity":3,"b:8:2:8:Infinity:undefined:undefined:undefined:undefined":2,"s:8:2:8:Infinity":4,"s:8:19:8:Infinity":5,"s:9:2:9:Infinity":6,"f:12:16:12:31":1,"b:12:70:12:85":3,"s:13:20:18:Infinity":7,"s:20:16:20:Infinity":8,"b:20:16:20:62:20:62:20:Infinity":4,"s:21:2:21:Infinity":9,"b:21:24:21:37:21:37:21:Infinity":5,"f:24:22:24:Infinity":2,"b:30:2:30:Infinity:undefined:undefined:undefined:undefined":6,"s:30:2:30:Infinity":10,"b:30:6:30:28:30:33:30:44":7,"s:30:44:30:Infinity":11,"s:32:16:32:Infinity":12,"s:33:16:33:Infinity":13,"s:35:2:56:Infinity":14,"s:36:28:49:Infinity":15,"b:51:4:51:Infinity:undefined:undefined:undefined:undefined":8,"s:51:4:51:Infinity":16,"s:51:15:51:Infinity":17,"s:52:4:52:Infinity":18,"s:54:4:54:Infinity":19,"s:55:4:55:Infinity":20},"fnNames":{}}}
}
